Copyright 1986-2018 Xilinx, Inc. All Rights Reserved.
--------------------------------------------------------------------------------------------------------------------------------------------------------------------------------------
| Tool Version : Vivado v.2018.3 (win64) Build 2405991 Thu Dec  6 23:38:27 MST 2018
| Date         : Tue Jun 16 02:14:36 2020
| Host         : givenone-laptop running 64-bit major release  (build 9200)
| Command      : report_methodology -file design_1_wrapper_methodology_drc_routed.rpt -pb design_1_wrapper_methodology_drc_routed.pb -rpx design_1_wrapper_methodology_drc_routed.rpx
| Design       : design_1_wrapper
| Device       : xc7z020clg484-1
| Speed File   : -1
| Design State : Fully Routed
--------------------------------------------------------------------------------------------------------------------------------------------------------------------------------------

Report Methodology

Table of Contents
-----------------
1. REPORT SUMMARY
2. REPORT DETAILS

1. REPORT SUMMARY
-----------------
            Netlist: netlist
          Floorplan: design_1
      Design limits: <entire design considered>
             Max violations: <unlimited>
             Violations found: 265
+-----------+----------+----------------------------------------------------+------------+
| Rule      | Severity | Description                                        | Violations |
+-----------+----------+----------------------------------------------------+------------+
| TIMING-4  | Warning  | Invalid primary clock redefinition on a clock tree | 1          |
| TIMING-6  | Warning  | No common primary clock between related clocks     | 2          |
| TIMING-7  | Warning  | No common node between related clocks              | 2          |
| TIMING-20 | Warning  | Non-clocked latch                                  | 259        |
| TIMING-27 | Warning  | Invalid primary clock on hierarchical pin          | 1          |
+-----------+----------+----------------------------------------------------+------------+

2. REPORT DETAILS
-----------------
TIMING-4#1 Warning
Invalid primary clock redefinition on a clock tree  
Invalid clock redefinition on a clock tree. The primary clock design_1_i/myip_0/inst/myip_v1_0_S00_AXI_inst/u_clk_180/inst/clk_in1 is defined downstream of clock clk_fpga_0 and overrides its insertion delay and/or waveform definition
Related violations: <none>

TIMING-6#1 Warning
No common primary clock between related clocks  
The clocks clk_fpga_0 and clk_out1_clk_wiz_0 are related (timed together) but they have no common primary clock. The design could fail in hardware. To find a timing path between these clocks, run the following command: report_timing -from [get_clocks clk_fpga_0] -to [get_clocks clk_out1_clk_wiz_0]
Related violations: <none>

TIMING-6#2 Warning
No common primary clock between related clocks  
The clocks clk_out1_clk_wiz_0 and clk_fpga_0 are related (timed together) but they have no common primary clock. The design could fail in hardware. To find a timing path between these clocks, run the following command: report_timing -from [get_clocks clk_out1_clk_wiz_0] -to [get_clocks clk_fpga_0]
Related violations: <none>

TIMING-7#1 Warning
No common node between related clocks  
The clocks clk_fpga_0 and clk_out1_clk_wiz_0 are related (timed together) but they have no common node. The design could fail in hardware. To find a timing path between these clocks, run the following command: report_timing -from [get_clocks clk_fpga_0] -to [get_clocks clk_out1_clk_wiz_0]
Related violations: <none>

TIMING-7#2 Warning
No common node between related clocks  
The clocks clk_out1_clk_wiz_0 and clk_fpga_0 are related (timed together) but they have no common node. The design could fail in hardware. To find a timing path between these clocks, run the following command: report_timing -from [get_clocks clk_out1_clk_wiz_0] -to [get_clocks clk_fpga_0]
Related violations: <none>

TIMING-20#1 Warning
Non-clocked latch  
The latch design_1_i/myip_0/inst/myip_v1_0_S00_AXI_inst/UUT/FSM_sequential_next_state_reg[0] cannot be properly analyzed as its control pin design_1_i/myip_0/inst/myip_v1_0_S00_AXI_inst/UUT/FSM_sequential_next_state_reg[0]/G is not reached by a timing clock
Related violations: <none>

TIMING-20#2 Warning
Non-clocked latch  
The latch design_1_i/myip_0/inst/myip_v1_0_S00_AXI_inst/UUT/FSM_sequential_next_state_reg[1] cannot be properly analyzed as its control pin design_1_i/myip_0/inst/myip_v1_0_S00_AXI_inst/UUT/FSM_sequential_next_state_reg[1]/G is not reached by a timing clock
Related violations: <none>

TIMING-20#3 Warning
Non-clocked latch  
The latch design_1_i/myip_0/inst/myip_v1_0_S00_AXI_inst/UUT/FSM_sequential_next_state_reg[2] cannot be properly analyzed as its control pin design_1_i/myip_0/inst/myip_v1_0_S00_AXI_inst/UUT/FSM_sequential_next_state_reg[2]/G is not reached by a timing clock
Related violations: <none>

TIMING-20#4 Warning
Non-clocked latch  
The latch design_1_i/myip_0/inst/myip_v1_0_S00_AXI_inst/UUT/answer[0][-1111111080] cannot be properly analyzed as its control pin design_1_i/myip_0/inst/myip_v1_0_S00_AXI_inst/UUT/answer[0][-1111111080]/G is not reached by a timing clock
Related violations: <none>

TIMING-20#5 Warning
Non-clocked latch  
The latch design_1_i/myip_0/inst/myip_v1_0_S00_AXI_inst/UUT/answer[0][-1111111081] cannot be properly analyzed as its control pin design_1_i/myip_0/inst/myip_v1_0_S00_AXI_inst/UUT/answer[0][-1111111081]/G is not reached by a timing clock
Related violations: <none>

TIMING-20#6 Warning
Non-clocked latch  
The latch design_1_i/myip_0/inst/myip_v1_0_S00_AXI_inst/UUT/answer[0][-1111111082] cannot be properly analyzed as its control pin design_1_i/myip_0/inst/myip_v1_0_S00_AXI_inst/UUT/answer[0][-1111111082]/G is not reached by a timing clock
Related violations: <none>

TIMING-20#7 Warning
Non-clocked latch  
The latch design_1_i/myip_0/inst/myip_v1_0_S00_AXI_inst/UUT/answer[0][-1111111083] cannot be properly analyzed as its control pin design_1_i/myip_0/inst/myip_v1_0_S00_AXI_inst/UUT/answer[0][-1111111083]/G is not reached by a timing clock
Related violations: <none>

TIMING-20#8 Warning
Non-clocked latch  
The latch design_1_i/myip_0/inst/myip_v1_0_S00_AXI_inst/UUT/answer[0][-1111111084] cannot be properly analyzed as its control pin design_1_i/myip_0/inst/myip_v1_0_S00_AXI_inst/UUT/answer[0][-1111111084]/G is not reached by a timing clock
Related violations: <none>

TIMING-20#9 Warning
Non-clocked latch  
The latch design_1_i/myip_0/inst/myip_v1_0_S00_AXI_inst/UUT/answer[0][-1111111085] cannot be properly analyzed as its control pin design_1_i/myip_0/inst/myip_v1_0_S00_AXI_inst/UUT/answer[0][-1111111085]/G is not reached by a timing clock
Related violations: <none>

TIMING-20#10 Warning
Non-clocked latch  
The latch design_1_i/myip_0/inst/myip_v1_0_S00_AXI_inst/UUT/answer[0][-1111111086] cannot be properly analyzed as its control pin design_1_i/myip_0/inst/myip_v1_0_S00_AXI_inst/UUT/answer[0][-1111111086]/G is not reached by a timing clock
Related violations: <none>

TIMING-20#11 Warning
Non-clocked latch  
The latch design_1_i/myip_0/inst/myip_v1_0_S00_AXI_inst/UUT/answer[0][-1111111087] cannot be properly analyzed as its control pin design_1_i/myip_0/inst/myip_v1_0_S00_AXI_inst/UUT/answer[0][-1111111087]/G is not reached by a timing clock
Related violations: <none>

TIMING-20#12 Warning
Non-clocked latch  
The latch design_1_i/myip_0/inst/myip_v1_0_S00_AXI_inst/UUT/answer[0][-1111111088] cannot be properly analyzed as its control pin design_1_i/myip_0/inst/myip_v1_0_S00_AXI_inst/UUT/answer[0][-1111111088]/G is not reached by a timing clock
Related violations: <none>

TIMING-20#13 Warning
Non-clocked latch  
The latch design_1_i/myip_0/inst/myip_v1_0_S00_AXI_inst/UUT/answer[0][-1111111089] cannot be properly analyzed as its control pin design_1_i/myip_0/inst/myip_v1_0_S00_AXI_inst/UUT/answer[0][-1111111089]/G is not reached by a timing clock
Related violations: <none>

TIMING-20#14 Warning
Non-clocked latch  
The latch design_1_i/myip_0/inst/myip_v1_0_S00_AXI_inst/UUT/answer[0][-1111111090] cannot be properly analyzed as its control pin design_1_i/myip_0/inst/myip_v1_0_S00_AXI_inst/UUT/answer[0][-1111111090]/G is not reached by a timing clock
Related violations: <none>

TIMING-20#15 Warning
Non-clocked latch  
The latch design_1_i/myip_0/inst/myip_v1_0_S00_AXI_inst/UUT/answer[0][-1111111091] cannot be properly analyzed as its control pin design_1_i/myip_0/inst/myip_v1_0_S00_AXI_inst/UUT/answer[0][-1111111091]/G is not reached by a timing clock
Related violations: <none>

TIMING-20#16 Warning
Non-clocked latch  
The latch design_1_i/myip_0/inst/myip_v1_0_S00_AXI_inst/UUT/answer[0][-1111111092] cannot be properly analyzed as its control pin design_1_i/myip_0/inst/myip_v1_0_S00_AXI_inst/UUT/answer[0][-1111111092]/G is not reached by a timing clock
Related violations: <none>

TIMING-20#17 Warning
Non-clocked latch  
The latch design_1_i/myip_0/inst/myip_v1_0_S00_AXI_inst/UUT/answer[0][-1111111093] cannot be properly analyzed as its control pin design_1_i/myip_0/inst/myip_v1_0_S00_AXI_inst/UUT/answer[0][-1111111093]/G is not reached by a timing clock
Related violations: <none>

TIMING-20#18 Warning
Non-clocked latch  
The latch design_1_i/myip_0/inst/myip_v1_0_S00_AXI_inst/UUT/answer[0][-1111111094] cannot be properly analyzed as its control pin design_1_i/myip_0/inst/myip_v1_0_S00_AXI_inst/UUT/answer[0][-1111111094]/G is not reached by a timing clock
Related violations: <none>

TIMING-20#19 Warning
Non-clocked latch  
The latch design_1_i/myip_0/inst/myip_v1_0_S00_AXI_inst/UUT/answer[0][-1111111095] cannot be properly analyzed as its control pin design_1_i/myip_0/inst/myip_v1_0_S00_AXI_inst/UUT/answer[0][-1111111095]/G is not reached by a timing clock
Related violations: <none>

TIMING-20#20 Warning
Non-clocked latch  
The latch design_1_i/myip_0/inst/myip_v1_0_S00_AXI_inst/UUT/answer[0][-1111111096] cannot be properly analyzed as its control pin design_1_i/myip_0/inst/myip_v1_0_S00_AXI_inst/UUT/answer[0][-1111111096]/G is not reached by a timing clock
Related violations: <none>

TIMING-20#21 Warning
Non-clocked latch  
The latch design_1_i/myip_0/inst/myip_v1_0_S00_AXI_inst/UUT/answer[0][-1111111097] cannot be properly analyzed as its control pin design_1_i/myip_0/inst/myip_v1_0_S00_AXI_inst/UUT/answer[0][-1111111097]/G is not reached by a timing clock
Related violations: <none>

TIMING-20#22 Warning
Non-clocked latch  
The latch design_1_i/myip_0/inst/myip_v1_0_S00_AXI_inst/UUT/answer[0][-1111111098] cannot be properly analyzed as its control pin design_1_i/myip_0/inst/myip_v1_0_S00_AXI_inst/UUT/answer[0][-1111111098]/G is not reached by a timing clock
Related violations: <none>

TIMING-20#23 Warning
Non-clocked latch  
The latch design_1_i/myip_0/inst/myip_v1_0_S00_AXI_inst/UUT/answer[0][-1111111099] cannot be properly analyzed as its control pin design_1_i/myip_0/inst/myip_v1_0_S00_AXI_inst/UUT/answer[0][-1111111099]/G is not reached by a timing clock
Related violations: <none>

TIMING-20#24 Warning
Non-clocked latch  
The latch design_1_i/myip_0/inst/myip_v1_0_S00_AXI_inst/UUT/answer[0][-1111111100] cannot be properly analyzed as its control pin design_1_i/myip_0/inst/myip_v1_0_S00_AXI_inst/UUT/answer[0][-1111111100]/G is not reached by a timing clock
Related violations: <none>

TIMING-20#25 Warning
Non-clocked latch  
The latch design_1_i/myip_0/inst/myip_v1_0_S00_AXI_inst/UUT/answer[0][-1111111101] cannot be properly analyzed as its control pin design_1_i/myip_0/inst/myip_v1_0_S00_AXI_inst/UUT/answer[0][-1111111101]/G is not reached by a timing clock
Related violations: <none>

TIMING-20#26 Warning
Non-clocked latch  
The latch design_1_i/myip_0/inst/myip_v1_0_S00_AXI_inst/UUT/answer[0][-1111111102] cannot be properly analyzed as its control pin design_1_i/myip_0/inst/myip_v1_0_S00_AXI_inst/UUT/answer[0][-1111111102]/G is not reached by a timing clock
Related violations: <none>

TIMING-20#27 Warning
Non-clocked latch  
The latch design_1_i/myip_0/inst/myip_v1_0_S00_AXI_inst/UUT/answer[0][-1111111103] cannot be properly analyzed as its control pin design_1_i/myip_0/inst/myip_v1_0_S00_AXI_inst/UUT/answer[0][-1111111103]/G is not reached by a timing clock
Related violations: <none>

TIMING-20#28 Warning
Non-clocked latch  
The latch design_1_i/myip_0/inst/myip_v1_0_S00_AXI_inst/UUT/answer[0][-1111111104] cannot be properly analyzed as its control pin design_1_i/myip_0/inst/myip_v1_0_S00_AXI_inst/UUT/answer[0][-1111111104]/G is not reached by a timing clock
Related violations: <none>

TIMING-20#29 Warning
Non-clocked latch  
The latch design_1_i/myip_0/inst/myip_v1_0_S00_AXI_inst/UUT/answer[0][-1111111105] cannot be properly analyzed as its control pin design_1_i/myip_0/inst/myip_v1_0_S00_AXI_inst/UUT/answer[0][-1111111105]/G is not reached by a timing clock
Related violations: <none>

TIMING-20#30 Warning
Non-clocked latch  
The latch design_1_i/myip_0/inst/myip_v1_0_S00_AXI_inst/UUT/answer[0][-1111111106] cannot be properly analyzed as its control pin design_1_i/myip_0/inst/myip_v1_0_S00_AXI_inst/UUT/answer[0][-1111111106]/G is not reached by a timing clock
Related violations: <none>

TIMING-20#31 Warning
Non-clocked latch  
The latch design_1_i/myip_0/inst/myip_v1_0_S00_AXI_inst/UUT/answer[0][-1111111107] cannot be properly analyzed as its control pin design_1_i/myip_0/inst/myip_v1_0_S00_AXI_inst/UUT/answer[0][-1111111107]/G is not reached by a timing clock
Related violations: <none>

TIMING-20#32 Warning
Non-clocked latch  
The latch design_1_i/myip_0/inst/myip_v1_0_S00_AXI_inst/UUT/answer[0][-1111111108] cannot be properly analyzed as its control pin design_1_i/myip_0/inst/myip_v1_0_S00_AXI_inst/UUT/answer[0][-1111111108]/G is not reached by a timing clock
Related violations: <none>

TIMING-20#33 Warning
Non-clocked latch  
The latch design_1_i/myip_0/inst/myip_v1_0_S00_AXI_inst/UUT/answer[0][-1111111109] cannot be properly analyzed as its control pin design_1_i/myip_0/inst/myip_v1_0_S00_AXI_inst/UUT/answer[0][-1111111109]/G is not reached by a timing clock
Related violations: <none>

TIMING-20#34 Warning
Non-clocked latch  
The latch design_1_i/myip_0/inst/myip_v1_0_S00_AXI_inst/UUT/answer[0][-1111111110] cannot be properly analyzed as its control pin design_1_i/myip_0/inst/myip_v1_0_S00_AXI_inst/UUT/answer[0][-1111111110]/G is not reached by a timing clock
Related violations: <none>

TIMING-20#35 Warning
Non-clocked latch  
The latch design_1_i/myip_0/inst/myip_v1_0_S00_AXI_inst/UUT/answer[0][-1111111111] cannot be properly analyzed as its control pin design_1_i/myip_0/inst/myip_v1_0_S00_AXI_inst/UUT/answer[0][-1111111111]/G is not reached by a timing clock
Related violations: <none>

TIMING-20#36 Warning
Non-clocked latch  
The latch design_1_i/myip_0/inst/myip_v1_0_S00_AXI_inst/UUT/answer[1][-1111111080] cannot be properly analyzed as its control pin design_1_i/myip_0/inst/myip_v1_0_S00_AXI_inst/UUT/answer[1][-1111111080]/G is not reached by a timing clock
Related violations: <none>

TIMING-20#37 Warning
Non-clocked latch  
The latch design_1_i/myip_0/inst/myip_v1_0_S00_AXI_inst/UUT/answer[1][-1111111081] cannot be properly analyzed as its control pin design_1_i/myip_0/inst/myip_v1_0_S00_AXI_inst/UUT/answer[1][-1111111081]/G is not reached by a timing clock
Related violations: <none>

TIMING-20#38 Warning
Non-clocked latch  
The latch design_1_i/myip_0/inst/myip_v1_0_S00_AXI_inst/UUT/answer[1][-1111111082] cannot be properly analyzed as its control pin design_1_i/myip_0/inst/myip_v1_0_S00_AXI_inst/UUT/answer[1][-1111111082]/G is not reached by a timing clock
Related violations: <none>

TIMING-20#39 Warning
Non-clocked latch  
The latch design_1_i/myip_0/inst/myip_v1_0_S00_AXI_inst/UUT/answer[1][-1111111083] cannot be properly analyzed as its control pin design_1_i/myip_0/inst/myip_v1_0_S00_AXI_inst/UUT/answer[1][-1111111083]/G is not reached by a timing clock
Related violations: <none>

TIMING-20#40 Warning
Non-clocked latch  
The latch design_1_i/myip_0/inst/myip_v1_0_S00_AXI_inst/UUT/answer[1][-1111111084] cannot be properly analyzed as its control pin design_1_i/myip_0/inst/myip_v1_0_S00_AXI_inst/UUT/answer[1][-1111111084]/G is not reached by a timing clock
Related violations: <none>

TIMING-20#41 Warning
Non-clocked latch  
The latch design_1_i/myip_0/inst/myip_v1_0_S00_AXI_inst/UUT/answer[1][-1111111085] cannot be properly analyzed as its control pin design_1_i/myip_0/inst/myip_v1_0_S00_AXI_inst/UUT/answer[1][-1111111085]/G is not reached by a timing clock
Related violations: <none>

TIMING-20#42 Warning
Non-clocked latch  
The latch design_1_i/myip_0/inst/myip_v1_0_S00_AXI_inst/UUT/answer[1][-1111111086] cannot be properly analyzed as its control pin design_1_i/myip_0/inst/myip_v1_0_S00_AXI_inst/UUT/answer[1][-1111111086]/G is not reached by a timing clock
Related violations: <none>

TIMING-20#43 Warning
Non-clocked latch  
The latch design_1_i/myip_0/inst/myip_v1_0_S00_AXI_inst/UUT/answer[1][-1111111087] cannot be properly analyzed as its control pin design_1_i/myip_0/inst/myip_v1_0_S00_AXI_inst/UUT/answer[1][-1111111087]/G is not reached by a timing clock
Related violations: <none>

TIMING-20#44 Warning
Non-clocked latch  
The latch design_1_i/myip_0/inst/myip_v1_0_S00_AXI_inst/UUT/answer[1][-1111111088] cannot be properly analyzed as its control pin design_1_i/myip_0/inst/myip_v1_0_S00_AXI_inst/UUT/answer[1][-1111111088]/G is not reached by a timing clock
Related violations: <none>

TIMING-20#45 Warning
Non-clocked latch  
The latch design_1_i/myip_0/inst/myip_v1_0_S00_AXI_inst/UUT/answer[1][-1111111089] cannot be properly analyzed as its control pin design_1_i/myip_0/inst/myip_v1_0_S00_AXI_inst/UUT/answer[1][-1111111089]/G is not reached by a timing clock
Related violations: <none>

TIMING-20#46 Warning
Non-clocked latch  
The latch design_1_i/myip_0/inst/myip_v1_0_S00_AXI_inst/UUT/answer[1][-1111111090] cannot be properly analyzed as its control pin design_1_i/myip_0/inst/myip_v1_0_S00_AXI_inst/UUT/answer[1][-1111111090]/G is not reached by a timing clock
Related violations: <none>

TIMING-20#47 Warning
Non-clocked latch  
The latch design_1_i/myip_0/inst/myip_v1_0_S00_AXI_inst/UUT/answer[1][-1111111091] cannot be properly analyzed as its control pin design_1_i/myip_0/inst/myip_v1_0_S00_AXI_inst/UUT/answer[1][-1111111091]/G is not reached by a timing clock
Related violations: <none>

TIMING-20#48 Warning
Non-clocked latch  
The latch design_1_i/myip_0/inst/myip_v1_0_S00_AXI_inst/UUT/answer[1][-1111111092] cannot be properly analyzed as its control pin design_1_i/myip_0/inst/myip_v1_0_S00_AXI_inst/UUT/answer[1][-1111111092]/G is not reached by a timing clock
Related violations: <none>

TIMING-20#49 Warning
Non-clocked latch  
The latch design_1_i/myip_0/inst/myip_v1_0_S00_AXI_inst/UUT/answer[1][-1111111093] cannot be properly analyzed as its control pin design_1_i/myip_0/inst/myip_v1_0_S00_AXI_inst/UUT/answer[1][-1111111093]/G is not reached by a timing clock
Related violations: <none>

TIMING-20#50 Warning
Non-clocked latch  
The latch design_1_i/myip_0/inst/myip_v1_0_S00_AXI_inst/UUT/answer[1][-1111111094] cannot be properly analyzed as its control pin design_1_i/myip_0/inst/myip_v1_0_S00_AXI_inst/UUT/answer[1][-1111111094]/G is not reached by a timing clock
Related violations: <none>

TIMING-20#51 Warning
Non-clocked latch  
The latch design_1_i/myip_0/inst/myip_v1_0_S00_AXI_inst/UUT/answer[1][-1111111095] cannot be properly analyzed as its control pin design_1_i/myip_0/inst/myip_v1_0_S00_AXI_inst/UUT/answer[1][-1111111095]/G is not reached by a timing clock
Related violations: <none>

TIMING-20#52 Warning
Non-clocked latch  
The latch design_1_i/myip_0/inst/myip_v1_0_S00_AXI_inst/UUT/answer[1][-1111111096] cannot be properly analyzed as its control pin design_1_i/myip_0/inst/myip_v1_0_S00_AXI_inst/UUT/answer[1][-1111111096]/G is not reached by a timing clock
Related violations: <none>

TIMING-20#53 Warning
Non-clocked latch  
The latch design_1_i/myip_0/inst/myip_v1_0_S00_AXI_inst/UUT/answer[1][-1111111097] cannot be properly analyzed as its control pin design_1_i/myip_0/inst/myip_v1_0_S00_AXI_inst/UUT/answer[1][-1111111097]/G is not reached by a timing clock
Related violations: <none>

TIMING-20#54 Warning
Non-clocked latch  
The latch design_1_i/myip_0/inst/myip_v1_0_S00_AXI_inst/UUT/answer[1][-1111111098] cannot be properly analyzed as its control pin design_1_i/myip_0/inst/myip_v1_0_S00_AXI_inst/UUT/answer[1][-1111111098]/G is not reached by a timing clock
Related violations: <none>

TIMING-20#55 Warning
Non-clocked latch  
The latch design_1_i/myip_0/inst/myip_v1_0_S00_AXI_inst/UUT/answer[1][-1111111099] cannot be properly analyzed as its control pin design_1_i/myip_0/inst/myip_v1_0_S00_AXI_inst/UUT/answer[1][-1111111099]/G is not reached by a timing clock
Related violations: <none>

TIMING-20#56 Warning
Non-clocked latch  
The latch design_1_i/myip_0/inst/myip_v1_0_S00_AXI_inst/UUT/answer[1][-1111111100] cannot be properly analyzed as its control pin design_1_i/myip_0/inst/myip_v1_0_S00_AXI_inst/UUT/answer[1][-1111111100]/G is not reached by a timing clock
Related violations: <none>

TIMING-20#57 Warning
Non-clocked latch  
The latch design_1_i/myip_0/inst/myip_v1_0_S00_AXI_inst/UUT/answer[1][-1111111101] cannot be properly analyzed as its control pin design_1_i/myip_0/inst/myip_v1_0_S00_AXI_inst/UUT/answer[1][-1111111101]/G is not reached by a timing clock
Related violations: <none>

TIMING-20#58 Warning
Non-clocked latch  
The latch design_1_i/myip_0/inst/myip_v1_0_S00_AXI_inst/UUT/answer[1][-1111111102] cannot be properly analyzed as its control pin design_1_i/myip_0/inst/myip_v1_0_S00_AXI_inst/UUT/answer[1][-1111111102]/G is not reached by a timing clock
Related violations: <none>

TIMING-20#59 Warning
Non-clocked latch  
The latch design_1_i/myip_0/inst/myip_v1_0_S00_AXI_inst/UUT/answer[1][-1111111103] cannot be properly analyzed as its control pin design_1_i/myip_0/inst/myip_v1_0_S00_AXI_inst/UUT/answer[1][-1111111103]/G is not reached by a timing clock
Related violations: <none>

TIMING-20#60 Warning
Non-clocked latch  
The latch design_1_i/myip_0/inst/myip_v1_0_S00_AXI_inst/UUT/answer[1][-1111111104] cannot be properly analyzed as its control pin design_1_i/myip_0/inst/myip_v1_0_S00_AXI_inst/UUT/answer[1][-1111111104]/G is not reached by a timing clock
Related violations: <none>

TIMING-20#61 Warning
Non-clocked latch  
The latch design_1_i/myip_0/inst/myip_v1_0_S00_AXI_inst/UUT/answer[1][-1111111105] cannot be properly analyzed as its control pin design_1_i/myip_0/inst/myip_v1_0_S00_AXI_inst/UUT/answer[1][-1111111105]/G is not reached by a timing clock
Related violations: <none>

TIMING-20#62 Warning
Non-clocked latch  
The latch design_1_i/myip_0/inst/myip_v1_0_S00_AXI_inst/UUT/answer[1][-1111111106] cannot be properly analyzed as its control pin design_1_i/myip_0/inst/myip_v1_0_S00_AXI_inst/UUT/answer[1][-1111111106]/G is not reached by a timing clock
Related violations: <none>

TIMING-20#63 Warning
Non-clocked latch  
The latch design_1_i/myip_0/inst/myip_v1_0_S00_AXI_inst/UUT/answer[1][-1111111107] cannot be properly analyzed as its control pin design_1_i/myip_0/inst/myip_v1_0_S00_AXI_inst/UUT/answer[1][-1111111107]/G is not reached by a timing clock
Related violations: <none>

TIMING-20#64 Warning
Non-clocked latch  
The latch design_1_i/myip_0/inst/myip_v1_0_S00_AXI_inst/UUT/answer[1][-1111111108] cannot be properly analyzed as its control pin design_1_i/myip_0/inst/myip_v1_0_S00_AXI_inst/UUT/answer[1][-1111111108]/G is not reached by a timing clock
Related violations: <none>

TIMING-20#65 Warning
Non-clocked latch  
The latch design_1_i/myip_0/inst/myip_v1_0_S00_AXI_inst/UUT/answer[1][-1111111109] cannot be properly analyzed as its control pin design_1_i/myip_0/inst/myip_v1_0_S00_AXI_inst/UUT/answer[1][-1111111109]/G is not reached by a timing clock
Related violations: <none>

TIMING-20#66 Warning
Non-clocked latch  
The latch design_1_i/myip_0/inst/myip_v1_0_S00_AXI_inst/UUT/answer[1][-1111111110] cannot be properly analyzed as its control pin design_1_i/myip_0/inst/myip_v1_0_S00_AXI_inst/UUT/answer[1][-1111111110]/G is not reached by a timing clock
Related violations: <none>

TIMING-20#67 Warning
Non-clocked latch  
The latch design_1_i/myip_0/inst/myip_v1_0_S00_AXI_inst/UUT/answer[1][-1111111111] cannot be properly analyzed as its control pin design_1_i/myip_0/inst/myip_v1_0_S00_AXI_inst/UUT/answer[1][-1111111111]/G is not reached by a timing clock
Related violations: <none>

TIMING-20#68 Warning
Non-clocked latch  
The latch design_1_i/myip_0/inst/myip_v1_0_S00_AXI_inst/UUT/answer[2][-1111111080] cannot be properly analyzed as its control pin design_1_i/myip_0/inst/myip_v1_0_S00_AXI_inst/UUT/answer[2][-1111111080]/G is not reached by a timing clock
Related violations: <none>

TIMING-20#69 Warning
Non-clocked latch  
The latch design_1_i/myip_0/inst/myip_v1_0_S00_AXI_inst/UUT/answer[2][-1111111081] cannot be properly analyzed as its control pin design_1_i/myip_0/inst/myip_v1_0_S00_AXI_inst/UUT/answer[2][-1111111081]/G is not reached by a timing clock
Related violations: <none>

TIMING-20#70 Warning
Non-clocked latch  
The latch design_1_i/myip_0/inst/myip_v1_0_S00_AXI_inst/UUT/answer[2][-1111111082] cannot be properly analyzed as its control pin design_1_i/myip_0/inst/myip_v1_0_S00_AXI_inst/UUT/answer[2][-1111111082]/G is not reached by a timing clock
Related violations: <none>

TIMING-20#71 Warning
Non-clocked latch  
The latch design_1_i/myip_0/inst/myip_v1_0_S00_AXI_inst/UUT/answer[2][-1111111083] cannot be properly analyzed as its control pin design_1_i/myip_0/inst/myip_v1_0_S00_AXI_inst/UUT/answer[2][-1111111083]/G is not reached by a timing clock
Related violations: <none>

TIMING-20#72 Warning
Non-clocked latch  
The latch design_1_i/myip_0/inst/myip_v1_0_S00_AXI_inst/UUT/answer[2][-1111111084] cannot be properly analyzed as its control pin design_1_i/myip_0/inst/myip_v1_0_S00_AXI_inst/UUT/answer[2][-1111111084]/G is not reached by a timing clock
Related violations: <none>

TIMING-20#73 Warning
Non-clocked latch  
The latch design_1_i/myip_0/inst/myip_v1_0_S00_AXI_inst/UUT/answer[2][-1111111085] cannot be properly analyzed as its control pin design_1_i/myip_0/inst/myip_v1_0_S00_AXI_inst/UUT/answer[2][-1111111085]/G is not reached by a timing clock
Related violations: <none>

TIMING-20#74 Warning
Non-clocked latch  
The latch design_1_i/myip_0/inst/myip_v1_0_S00_AXI_inst/UUT/answer[2][-1111111086] cannot be properly analyzed as its control pin design_1_i/myip_0/inst/myip_v1_0_S00_AXI_inst/UUT/answer[2][-1111111086]/G is not reached by a timing clock
Related violations: <none>

TIMING-20#75 Warning
Non-clocked latch  
The latch design_1_i/myip_0/inst/myip_v1_0_S00_AXI_inst/UUT/answer[2][-1111111087] cannot be properly analyzed as its control pin design_1_i/myip_0/inst/myip_v1_0_S00_AXI_inst/UUT/answer[2][-1111111087]/G is not reached by a timing clock
Related violations: <none>

TIMING-20#76 Warning
Non-clocked latch  
The latch design_1_i/myip_0/inst/myip_v1_0_S00_AXI_inst/UUT/answer[2][-1111111088] cannot be properly analyzed as its control pin design_1_i/myip_0/inst/myip_v1_0_S00_AXI_inst/UUT/answer[2][-1111111088]/G is not reached by a timing clock
Related violations: <none>

TIMING-20#77 Warning
Non-clocked latch  
The latch design_1_i/myip_0/inst/myip_v1_0_S00_AXI_inst/UUT/answer[2][-1111111089] cannot be properly analyzed as its control pin design_1_i/myip_0/inst/myip_v1_0_S00_AXI_inst/UUT/answer[2][-1111111089]/G is not reached by a timing clock
Related violations: <none>

TIMING-20#78 Warning
Non-clocked latch  
The latch design_1_i/myip_0/inst/myip_v1_0_S00_AXI_inst/UUT/answer[2][-1111111090] cannot be properly analyzed as its control pin design_1_i/myip_0/inst/myip_v1_0_S00_AXI_inst/UUT/answer[2][-1111111090]/G is not reached by a timing clock
Related violations: <none>

TIMING-20#79 Warning
Non-clocked latch  
The latch design_1_i/myip_0/inst/myip_v1_0_S00_AXI_inst/UUT/answer[2][-1111111091] cannot be properly analyzed as its control pin design_1_i/myip_0/inst/myip_v1_0_S00_AXI_inst/UUT/answer[2][-1111111091]/G is not reached by a timing clock
Related violations: <none>

TIMING-20#80 Warning
Non-clocked latch  
The latch design_1_i/myip_0/inst/myip_v1_0_S00_AXI_inst/UUT/answer[2][-1111111092] cannot be properly analyzed as its control pin design_1_i/myip_0/inst/myip_v1_0_S00_AXI_inst/UUT/answer[2][-1111111092]/G is not reached by a timing clock
Related violations: <none>

TIMING-20#81 Warning
Non-clocked latch  
The latch design_1_i/myip_0/inst/myip_v1_0_S00_AXI_inst/UUT/answer[2][-1111111093] cannot be properly analyzed as its control pin design_1_i/myip_0/inst/myip_v1_0_S00_AXI_inst/UUT/answer[2][-1111111093]/G is not reached by a timing clock
Related violations: <none>

TIMING-20#82 Warning
Non-clocked latch  
The latch design_1_i/myip_0/inst/myip_v1_0_S00_AXI_inst/UUT/answer[2][-1111111094] cannot be properly analyzed as its control pin design_1_i/myip_0/inst/myip_v1_0_S00_AXI_inst/UUT/answer[2][-1111111094]/G is not reached by a timing clock
Related violations: <none>

TIMING-20#83 Warning
Non-clocked latch  
The latch design_1_i/myip_0/inst/myip_v1_0_S00_AXI_inst/UUT/answer[2][-1111111095] cannot be properly analyzed as its control pin design_1_i/myip_0/inst/myip_v1_0_S00_AXI_inst/UUT/answer[2][-1111111095]/G is not reached by a timing clock
Related violations: <none>

TIMING-20#84 Warning
Non-clocked latch  
The latch design_1_i/myip_0/inst/myip_v1_0_S00_AXI_inst/UUT/answer[2][-1111111096] cannot be properly analyzed as its control pin design_1_i/myip_0/inst/myip_v1_0_S00_AXI_inst/UUT/answer[2][-1111111096]/G is not reached by a timing clock
Related violations: <none>

TIMING-20#85 Warning
Non-clocked latch  
The latch design_1_i/myip_0/inst/myip_v1_0_S00_AXI_inst/UUT/answer[2][-1111111097] cannot be properly analyzed as its control pin design_1_i/myip_0/inst/myip_v1_0_S00_AXI_inst/UUT/answer[2][-1111111097]/G is not reached by a timing clock
Related violations: <none>

TIMING-20#86 Warning
Non-clocked latch  
The latch design_1_i/myip_0/inst/myip_v1_0_S00_AXI_inst/UUT/answer[2][-1111111098] cannot be properly analyzed as its control pin design_1_i/myip_0/inst/myip_v1_0_S00_AXI_inst/UUT/answer[2][-1111111098]/G is not reached by a timing clock
Related violations: <none>

TIMING-20#87 Warning
Non-clocked latch  
The latch design_1_i/myip_0/inst/myip_v1_0_S00_AXI_inst/UUT/answer[2][-1111111099] cannot be properly analyzed as its control pin design_1_i/myip_0/inst/myip_v1_0_S00_AXI_inst/UUT/answer[2][-1111111099]/G is not reached by a timing clock
Related violations: <none>

TIMING-20#88 Warning
Non-clocked latch  
The latch design_1_i/myip_0/inst/myip_v1_0_S00_AXI_inst/UUT/answer[2][-1111111100] cannot be properly analyzed as its control pin design_1_i/myip_0/inst/myip_v1_0_S00_AXI_inst/UUT/answer[2][-1111111100]/G is not reached by a timing clock
Related violations: <none>

TIMING-20#89 Warning
Non-clocked latch  
The latch design_1_i/myip_0/inst/myip_v1_0_S00_AXI_inst/UUT/answer[2][-1111111101] cannot be properly analyzed as its control pin design_1_i/myip_0/inst/myip_v1_0_S00_AXI_inst/UUT/answer[2][-1111111101]/G is not reached by a timing clock
Related violations: <none>

TIMING-20#90 Warning
Non-clocked latch  
The latch design_1_i/myip_0/inst/myip_v1_0_S00_AXI_inst/UUT/answer[2][-1111111102] cannot be properly analyzed as its control pin design_1_i/myip_0/inst/myip_v1_0_S00_AXI_inst/UUT/answer[2][-1111111102]/G is not reached by a timing clock
Related violations: <none>

TIMING-20#91 Warning
Non-clocked latch  
The latch design_1_i/myip_0/inst/myip_v1_0_S00_AXI_inst/UUT/answer[2][-1111111103] cannot be properly analyzed as its control pin design_1_i/myip_0/inst/myip_v1_0_S00_AXI_inst/UUT/answer[2][-1111111103]/G is not reached by a timing clock
Related violations: <none>

TIMING-20#92 Warning
Non-clocked latch  
The latch design_1_i/myip_0/inst/myip_v1_0_S00_AXI_inst/UUT/answer[2][-1111111104] cannot be properly analyzed as its control pin design_1_i/myip_0/inst/myip_v1_0_S00_AXI_inst/UUT/answer[2][-1111111104]/G is not reached by a timing clock
Related violations: <none>

TIMING-20#93 Warning
Non-clocked latch  
The latch design_1_i/myip_0/inst/myip_v1_0_S00_AXI_inst/UUT/answer[2][-1111111105] cannot be properly analyzed as its control pin design_1_i/myip_0/inst/myip_v1_0_S00_AXI_inst/UUT/answer[2][-1111111105]/G is not reached by a timing clock
Related violations: <none>

TIMING-20#94 Warning
Non-clocked latch  
The latch design_1_i/myip_0/inst/myip_v1_0_S00_AXI_inst/UUT/answer[2][-1111111106] cannot be properly analyzed as its control pin design_1_i/myip_0/inst/myip_v1_0_S00_AXI_inst/UUT/answer[2][-1111111106]/G is not reached by a timing clock
Related violations: <none>

TIMING-20#95 Warning
Non-clocked latch  
The latch design_1_i/myip_0/inst/myip_v1_0_S00_AXI_inst/UUT/answer[2][-1111111107] cannot be properly analyzed as its control pin design_1_i/myip_0/inst/myip_v1_0_S00_AXI_inst/UUT/answer[2][-1111111107]/G is not reached by a timing clock
Related violations: <none>

TIMING-20#96 Warning
Non-clocked latch  
The latch design_1_i/myip_0/inst/myip_v1_0_S00_AXI_inst/UUT/answer[2][-1111111108] cannot be properly analyzed as its control pin design_1_i/myip_0/inst/myip_v1_0_S00_AXI_inst/UUT/answer[2][-1111111108]/G is not reached by a timing clock
Related violations: <none>

TIMING-20#97 Warning
Non-clocked latch  
The latch design_1_i/myip_0/inst/myip_v1_0_S00_AXI_inst/UUT/answer[2][-1111111109] cannot be properly analyzed as its control pin design_1_i/myip_0/inst/myip_v1_0_S00_AXI_inst/UUT/answer[2][-1111111109]/G is not reached by a timing clock
Related violations: <none>

TIMING-20#98 Warning
Non-clocked latch  
The latch design_1_i/myip_0/inst/myip_v1_0_S00_AXI_inst/UUT/answer[2][-1111111110] cannot be properly analyzed as its control pin design_1_i/myip_0/inst/myip_v1_0_S00_AXI_inst/UUT/answer[2][-1111111110]/G is not reached by a timing clock
Related violations: <none>

TIMING-20#99 Warning
Non-clocked latch  
The latch design_1_i/myip_0/inst/myip_v1_0_S00_AXI_inst/UUT/answer[2][-1111111111] cannot be properly analyzed as its control pin design_1_i/myip_0/inst/myip_v1_0_S00_AXI_inst/UUT/answer[2][-1111111111]/G is not reached by a timing clock
Related violations: <none>

TIMING-20#100 Warning
Non-clocked latch  
The latch design_1_i/myip_0/inst/myip_v1_0_S00_AXI_inst/UUT/answer[3][-1111111080] cannot be properly analyzed as its control pin design_1_i/myip_0/inst/myip_v1_0_S00_AXI_inst/UUT/answer[3][-1111111080]/G is not reached by a timing clock
Related violations: <none>

TIMING-20#101 Warning
Non-clocked latch  
The latch design_1_i/myip_0/inst/myip_v1_0_S00_AXI_inst/UUT/answer[3][-1111111081] cannot be properly analyzed as its control pin design_1_i/myip_0/inst/myip_v1_0_S00_AXI_inst/UUT/answer[3][-1111111081]/G is not reached by a timing clock
Related violations: <none>

TIMING-20#102 Warning
Non-clocked latch  
The latch design_1_i/myip_0/inst/myip_v1_0_S00_AXI_inst/UUT/answer[3][-1111111082] cannot be properly analyzed as its control pin design_1_i/myip_0/inst/myip_v1_0_S00_AXI_inst/UUT/answer[3][-1111111082]/G is not reached by a timing clock
Related violations: <none>

TIMING-20#103 Warning
Non-clocked latch  
The latch design_1_i/myip_0/inst/myip_v1_0_S00_AXI_inst/UUT/answer[3][-1111111083] cannot be properly analyzed as its control pin design_1_i/myip_0/inst/myip_v1_0_S00_AXI_inst/UUT/answer[3][-1111111083]/G is not reached by a timing clock
Related violations: <none>

TIMING-20#104 Warning
Non-clocked latch  
The latch design_1_i/myip_0/inst/myip_v1_0_S00_AXI_inst/UUT/answer[3][-1111111084] cannot be properly analyzed as its control pin design_1_i/myip_0/inst/myip_v1_0_S00_AXI_inst/UUT/answer[3][-1111111084]/G is not reached by a timing clock
Related violations: <none>

TIMING-20#105 Warning
Non-clocked latch  
The latch design_1_i/myip_0/inst/myip_v1_0_S00_AXI_inst/UUT/answer[3][-1111111085] cannot be properly analyzed as its control pin design_1_i/myip_0/inst/myip_v1_0_S00_AXI_inst/UUT/answer[3][-1111111085]/G is not reached by a timing clock
Related violations: <none>

TIMING-20#106 Warning
Non-clocked latch  
The latch design_1_i/myip_0/inst/myip_v1_0_S00_AXI_inst/UUT/answer[3][-1111111086] cannot be properly analyzed as its control pin design_1_i/myip_0/inst/myip_v1_0_S00_AXI_inst/UUT/answer[3][-1111111086]/G is not reached by a timing clock
Related violations: <none>

TIMING-20#107 Warning
Non-clocked latch  
The latch design_1_i/myip_0/inst/myip_v1_0_S00_AXI_inst/UUT/answer[3][-1111111087] cannot be properly analyzed as its control pin design_1_i/myip_0/inst/myip_v1_0_S00_AXI_inst/UUT/answer[3][-1111111087]/G is not reached by a timing clock
Related violations: <none>

TIMING-20#108 Warning
Non-clocked latch  
The latch design_1_i/myip_0/inst/myip_v1_0_S00_AXI_inst/UUT/answer[3][-1111111088] cannot be properly analyzed as its control pin design_1_i/myip_0/inst/myip_v1_0_S00_AXI_inst/UUT/answer[3][-1111111088]/G is not reached by a timing clock
Related violations: <none>

TIMING-20#109 Warning
Non-clocked latch  
The latch design_1_i/myip_0/inst/myip_v1_0_S00_AXI_inst/UUT/answer[3][-1111111089] cannot be properly analyzed as its control pin design_1_i/myip_0/inst/myip_v1_0_S00_AXI_inst/UUT/answer[3][-1111111089]/G is not reached by a timing clock
Related violations: <none>

TIMING-20#110 Warning
Non-clocked latch  
The latch design_1_i/myip_0/inst/myip_v1_0_S00_AXI_inst/UUT/answer[3][-1111111090] cannot be properly analyzed as its control pin design_1_i/myip_0/inst/myip_v1_0_S00_AXI_inst/UUT/answer[3][-1111111090]/G is not reached by a timing clock
Related violations: <none>

TIMING-20#111 Warning
Non-clocked latch  
The latch design_1_i/myip_0/inst/myip_v1_0_S00_AXI_inst/UUT/answer[3][-1111111091] cannot be properly analyzed as its control pin design_1_i/myip_0/inst/myip_v1_0_S00_AXI_inst/UUT/answer[3][-1111111091]/G is not reached by a timing clock
Related violations: <none>

TIMING-20#112 Warning
Non-clocked latch  
The latch design_1_i/myip_0/inst/myip_v1_0_S00_AXI_inst/UUT/answer[3][-1111111092] cannot be properly analyzed as its control pin design_1_i/myip_0/inst/myip_v1_0_S00_AXI_inst/UUT/answer[3][-1111111092]/G is not reached by a timing clock
Related violations: <none>

TIMING-20#113 Warning
Non-clocked latch  
The latch design_1_i/myip_0/inst/myip_v1_0_S00_AXI_inst/UUT/answer[3][-1111111093] cannot be properly analyzed as its control pin design_1_i/myip_0/inst/myip_v1_0_S00_AXI_inst/UUT/answer[3][-1111111093]/G is not reached by a timing clock
Related violations: <none>

TIMING-20#114 Warning
Non-clocked latch  
The latch design_1_i/myip_0/inst/myip_v1_0_S00_AXI_inst/UUT/answer[3][-1111111094] cannot be properly analyzed as its control pin design_1_i/myip_0/inst/myip_v1_0_S00_AXI_inst/UUT/answer[3][-1111111094]/G is not reached by a timing clock
Related violations: <none>

TIMING-20#115 Warning
Non-clocked latch  
The latch design_1_i/myip_0/inst/myip_v1_0_S00_AXI_inst/UUT/answer[3][-1111111095] cannot be properly analyzed as its control pin design_1_i/myip_0/inst/myip_v1_0_S00_AXI_inst/UUT/answer[3][-1111111095]/G is not reached by a timing clock
Related violations: <none>

TIMING-20#116 Warning
Non-clocked latch  
The latch design_1_i/myip_0/inst/myip_v1_0_S00_AXI_inst/UUT/answer[3][-1111111096] cannot be properly analyzed as its control pin design_1_i/myip_0/inst/myip_v1_0_S00_AXI_inst/UUT/answer[3][-1111111096]/G is not reached by a timing clock
Related violations: <none>

TIMING-20#117 Warning
Non-clocked latch  
The latch design_1_i/myip_0/inst/myip_v1_0_S00_AXI_inst/UUT/answer[3][-1111111097] cannot be properly analyzed as its control pin design_1_i/myip_0/inst/myip_v1_0_S00_AXI_inst/UUT/answer[3][-1111111097]/G is not reached by a timing clock
Related violations: <none>

TIMING-20#118 Warning
Non-clocked latch  
The latch design_1_i/myip_0/inst/myip_v1_0_S00_AXI_inst/UUT/answer[3][-1111111098] cannot be properly analyzed as its control pin design_1_i/myip_0/inst/myip_v1_0_S00_AXI_inst/UUT/answer[3][-1111111098]/G is not reached by a timing clock
Related violations: <none>

TIMING-20#119 Warning
Non-clocked latch  
The latch design_1_i/myip_0/inst/myip_v1_0_S00_AXI_inst/UUT/answer[3][-1111111099] cannot be properly analyzed as its control pin design_1_i/myip_0/inst/myip_v1_0_S00_AXI_inst/UUT/answer[3][-1111111099]/G is not reached by a timing clock
Related violations: <none>

TIMING-20#120 Warning
Non-clocked latch  
The latch design_1_i/myip_0/inst/myip_v1_0_S00_AXI_inst/UUT/answer[3][-1111111100] cannot be properly analyzed as its control pin design_1_i/myip_0/inst/myip_v1_0_S00_AXI_inst/UUT/answer[3][-1111111100]/G is not reached by a timing clock
Related violations: <none>

TIMING-20#121 Warning
Non-clocked latch  
The latch design_1_i/myip_0/inst/myip_v1_0_S00_AXI_inst/UUT/answer[3][-1111111101] cannot be properly analyzed as its control pin design_1_i/myip_0/inst/myip_v1_0_S00_AXI_inst/UUT/answer[3][-1111111101]/G is not reached by a timing clock
Related violations: <none>

TIMING-20#122 Warning
Non-clocked latch  
The latch design_1_i/myip_0/inst/myip_v1_0_S00_AXI_inst/UUT/answer[3][-1111111102] cannot be properly analyzed as its control pin design_1_i/myip_0/inst/myip_v1_0_S00_AXI_inst/UUT/answer[3][-1111111102]/G is not reached by a timing clock
Related violations: <none>

TIMING-20#123 Warning
Non-clocked latch  
The latch design_1_i/myip_0/inst/myip_v1_0_S00_AXI_inst/UUT/answer[3][-1111111103] cannot be properly analyzed as its control pin design_1_i/myip_0/inst/myip_v1_0_S00_AXI_inst/UUT/answer[3][-1111111103]/G is not reached by a timing clock
Related violations: <none>

TIMING-20#124 Warning
Non-clocked latch  
The latch design_1_i/myip_0/inst/myip_v1_0_S00_AXI_inst/UUT/answer[3][-1111111104] cannot be properly analyzed as its control pin design_1_i/myip_0/inst/myip_v1_0_S00_AXI_inst/UUT/answer[3][-1111111104]/G is not reached by a timing clock
Related violations: <none>

TIMING-20#125 Warning
Non-clocked latch  
The latch design_1_i/myip_0/inst/myip_v1_0_S00_AXI_inst/UUT/answer[3][-1111111105] cannot be properly analyzed as its control pin design_1_i/myip_0/inst/myip_v1_0_S00_AXI_inst/UUT/answer[3][-1111111105]/G is not reached by a timing clock
Related violations: <none>

TIMING-20#126 Warning
Non-clocked latch  
The latch design_1_i/myip_0/inst/myip_v1_0_S00_AXI_inst/UUT/answer[3][-1111111106] cannot be properly analyzed as its control pin design_1_i/myip_0/inst/myip_v1_0_S00_AXI_inst/UUT/answer[3][-1111111106]/G is not reached by a timing clock
Related violations: <none>

TIMING-20#127 Warning
Non-clocked latch  
The latch design_1_i/myip_0/inst/myip_v1_0_S00_AXI_inst/UUT/answer[3][-1111111107] cannot be properly analyzed as its control pin design_1_i/myip_0/inst/myip_v1_0_S00_AXI_inst/UUT/answer[3][-1111111107]/G is not reached by a timing clock
Related violations: <none>

TIMING-20#128 Warning
Non-clocked latch  
The latch design_1_i/myip_0/inst/myip_v1_0_S00_AXI_inst/UUT/answer[3][-1111111108] cannot be properly analyzed as its control pin design_1_i/myip_0/inst/myip_v1_0_S00_AXI_inst/UUT/answer[3][-1111111108]/G is not reached by a timing clock
Related violations: <none>

TIMING-20#129 Warning
Non-clocked latch  
The latch design_1_i/myip_0/inst/myip_v1_0_S00_AXI_inst/UUT/answer[3][-1111111109] cannot be properly analyzed as its control pin design_1_i/myip_0/inst/myip_v1_0_S00_AXI_inst/UUT/answer[3][-1111111109]/G is not reached by a timing clock
Related violations: <none>

TIMING-20#130 Warning
Non-clocked latch  
The latch design_1_i/myip_0/inst/myip_v1_0_S00_AXI_inst/UUT/answer[3][-1111111110] cannot be properly analyzed as its control pin design_1_i/myip_0/inst/myip_v1_0_S00_AXI_inst/UUT/answer[3][-1111111110]/G is not reached by a timing clock
Related violations: <none>

TIMING-20#131 Warning
Non-clocked latch  
The latch design_1_i/myip_0/inst/myip_v1_0_S00_AXI_inst/UUT/answer[3][-1111111111] cannot be properly analyzed as its control pin design_1_i/myip_0/inst/myip_v1_0_S00_AXI_inst/UUT/answer[3][-1111111111]/G is not reached by a timing clock
Related violations: <none>

TIMING-20#132 Warning
Non-clocked latch  
The latch design_1_i/myip_0/inst/myip_v1_0_S00_AXI_inst/UUT/answer[4][-1111111080] cannot be properly analyzed as its control pin design_1_i/myip_0/inst/myip_v1_0_S00_AXI_inst/UUT/answer[4][-1111111080]/G is not reached by a timing clock
Related violations: <none>

TIMING-20#133 Warning
Non-clocked latch  
The latch design_1_i/myip_0/inst/myip_v1_0_S00_AXI_inst/UUT/answer[4][-1111111081] cannot be properly analyzed as its control pin design_1_i/myip_0/inst/myip_v1_0_S00_AXI_inst/UUT/answer[4][-1111111081]/G is not reached by a timing clock
Related violations: <none>

TIMING-20#134 Warning
Non-clocked latch  
The latch design_1_i/myip_0/inst/myip_v1_0_S00_AXI_inst/UUT/answer[4][-1111111082] cannot be properly analyzed as its control pin design_1_i/myip_0/inst/myip_v1_0_S00_AXI_inst/UUT/answer[4][-1111111082]/G is not reached by a timing clock
Related violations: <none>

TIMING-20#135 Warning
Non-clocked latch  
The latch design_1_i/myip_0/inst/myip_v1_0_S00_AXI_inst/UUT/answer[4][-1111111083] cannot be properly analyzed as its control pin design_1_i/myip_0/inst/myip_v1_0_S00_AXI_inst/UUT/answer[4][-1111111083]/G is not reached by a timing clock
Related violations: <none>

TIMING-20#136 Warning
Non-clocked latch  
The latch design_1_i/myip_0/inst/myip_v1_0_S00_AXI_inst/UUT/answer[4][-1111111084] cannot be properly analyzed as its control pin design_1_i/myip_0/inst/myip_v1_0_S00_AXI_inst/UUT/answer[4][-1111111084]/G is not reached by a timing clock
Related violations: <none>

TIMING-20#137 Warning
Non-clocked latch  
The latch design_1_i/myip_0/inst/myip_v1_0_S00_AXI_inst/UUT/answer[4][-1111111085] cannot be properly analyzed as its control pin design_1_i/myip_0/inst/myip_v1_0_S00_AXI_inst/UUT/answer[4][-1111111085]/G is not reached by a timing clock
Related violations: <none>

TIMING-20#138 Warning
Non-clocked latch  
The latch design_1_i/myip_0/inst/myip_v1_0_S00_AXI_inst/UUT/answer[4][-1111111086] cannot be properly analyzed as its control pin design_1_i/myip_0/inst/myip_v1_0_S00_AXI_inst/UUT/answer[4][-1111111086]/G is not reached by a timing clock
Related violations: <none>

TIMING-20#139 Warning
Non-clocked latch  
The latch design_1_i/myip_0/inst/myip_v1_0_S00_AXI_inst/UUT/answer[4][-1111111087] cannot be properly analyzed as its control pin design_1_i/myip_0/inst/myip_v1_0_S00_AXI_inst/UUT/answer[4][-1111111087]/G is not reached by a timing clock
Related violations: <none>

TIMING-20#140 Warning
Non-clocked latch  
The latch design_1_i/myip_0/inst/myip_v1_0_S00_AXI_inst/UUT/answer[4][-1111111088] cannot be properly analyzed as its control pin design_1_i/myip_0/inst/myip_v1_0_S00_AXI_inst/UUT/answer[4][-1111111088]/G is not reached by a timing clock
Related violations: <none>

TIMING-20#141 Warning
Non-clocked latch  
The latch design_1_i/myip_0/inst/myip_v1_0_S00_AXI_inst/UUT/answer[4][-1111111089] cannot be properly analyzed as its control pin design_1_i/myip_0/inst/myip_v1_0_S00_AXI_inst/UUT/answer[4][-1111111089]/G is not reached by a timing clock
Related violations: <none>

TIMING-20#142 Warning
Non-clocked latch  
The latch design_1_i/myip_0/inst/myip_v1_0_S00_AXI_inst/UUT/answer[4][-1111111090] cannot be properly analyzed as its control pin design_1_i/myip_0/inst/myip_v1_0_S00_AXI_inst/UUT/answer[4][-1111111090]/G is not reached by a timing clock
Related violations: <none>

TIMING-20#143 Warning
Non-clocked latch  
The latch design_1_i/myip_0/inst/myip_v1_0_S00_AXI_inst/UUT/answer[4][-1111111091] cannot be properly analyzed as its control pin design_1_i/myip_0/inst/myip_v1_0_S00_AXI_inst/UUT/answer[4][-1111111091]/G is not reached by a timing clock
Related violations: <none>

TIMING-20#144 Warning
Non-clocked latch  
The latch design_1_i/myip_0/inst/myip_v1_0_S00_AXI_inst/UUT/answer[4][-1111111092] cannot be properly analyzed as its control pin design_1_i/myip_0/inst/myip_v1_0_S00_AXI_inst/UUT/answer[4][-1111111092]/G is not reached by a timing clock
Related violations: <none>

TIMING-20#145 Warning
Non-clocked latch  
The latch design_1_i/myip_0/inst/myip_v1_0_S00_AXI_inst/UUT/answer[4][-1111111093] cannot be properly analyzed as its control pin design_1_i/myip_0/inst/myip_v1_0_S00_AXI_inst/UUT/answer[4][-1111111093]/G is not reached by a timing clock
Related violations: <none>

TIMING-20#146 Warning
Non-clocked latch  
The latch design_1_i/myip_0/inst/myip_v1_0_S00_AXI_inst/UUT/answer[4][-1111111094] cannot be properly analyzed as its control pin design_1_i/myip_0/inst/myip_v1_0_S00_AXI_inst/UUT/answer[4][-1111111094]/G is not reached by a timing clock
Related violations: <none>

TIMING-20#147 Warning
Non-clocked latch  
The latch design_1_i/myip_0/inst/myip_v1_0_S00_AXI_inst/UUT/answer[4][-1111111095] cannot be properly analyzed as its control pin design_1_i/myip_0/inst/myip_v1_0_S00_AXI_inst/UUT/answer[4][-1111111095]/G is not reached by a timing clock
Related violations: <none>

TIMING-20#148 Warning
Non-clocked latch  
The latch design_1_i/myip_0/inst/myip_v1_0_S00_AXI_inst/UUT/answer[4][-1111111096] cannot be properly analyzed as its control pin design_1_i/myip_0/inst/myip_v1_0_S00_AXI_inst/UUT/answer[4][-1111111096]/G is not reached by a timing clock
Related violations: <none>

TIMING-20#149 Warning
Non-clocked latch  
The latch design_1_i/myip_0/inst/myip_v1_0_S00_AXI_inst/UUT/answer[4][-1111111097] cannot be properly analyzed as its control pin design_1_i/myip_0/inst/myip_v1_0_S00_AXI_inst/UUT/answer[4][-1111111097]/G is not reached by a timing clock
Related violations: <none>

TIMING-20#150 Warning
Non-clocked latch  
The latch design_1_i/myip_0/inst/myip_v1_0_S00_AXI_inst/UUT/answer[4][-1111111098] cannot be properly analyzed as its control pin design_1_i/myip_0/inst/myip_v1_0_S00_AXI_inst/UUT/answer[4][-1111111098]/G is not reached by a timing clock
Related violations: <none>

TIMING-20#151 Warning
Non-clocked latch  
The latch design_1_i/myip_0/inst/myip_v1_0_S00_AXI_inst/UUT/answer[4][-1111111099] cannot be properly analyzed as its control pin design_1_i/myip_0/inst/myip_v1_0_S00_AXI_inst/UUT/answer[4][-1111111099]/G is not reached by a timing clock
Related violations: <none>

TIMING-20#152 Warning
Non-clocked latch  
The latch design_1_i/myip_0/inst/myip_v1_0_S00_AXI_inst/UUT/answer[4][-1111111100] cannot be properly analyzed as its control pin design_1_i/myip_0/inst/myip_v1_0_S00_AXI_inst/UUT/answer[4][-1111111100]/G is not reached by a timing clock
Related violations: <none>

TIMING-20#153 Warning
Non-clocked latch  
The latch design_1_i/myip_0/inst/myip_v1_0_S00_AXI_inst/UUT/answer[4][-1111111101] cannot be properly analyzed as its control pin design_1_i/myip_0/inst/myip_v1_0_S00_AXI_inst/UUT/answer[4][-1111111101]/G is not reached by a timing clock
Related violations: <none>

TIMING-20#154 Warning
Non-clocked latch  
The latch design_1_i/myip_0/inst/myip_v1_0_S00_AXI_inst/UUT/answer[4][-1111111102] cannot be properly analyzed as its control pin design_1_i/myip_0/inst/myip_v1_0_S00_AXI_inst/UUT/answer[4][-1111111102]/G is not reached by a timing clock
Related violations: <none>

TIMING-20#155 Warning
Non-clocked latch  
The latch design_1_i/myip_0/inst/myip_v1_0_S00_AXI_inst/UUT/answer[4][-1111111103] cannot be properly analyzed as its control pin design_1_i/myip_0/inst/myip_v1_0_S00_AXI_inst/UUT/answer[4][-1111111103]/G is not reached by a timing clock
Related violations: <none>

TIMING-20#156 Warning
Non-clocked latch  
The latch design_1_i/myip_0/inst/myip_v1_0_S00_AXI_inst/UUT/answer[4][-1111111104] cannot be properly analyzed as its control pin design_1_i/myip_0/inst/myip_v1_0_S00_AXI_inst/UUT/answer[4][-1111111104]/G is not reached by a timing clock
Related violations: <none>

TIMING-20#157 Warning
Non-clocked latch  
The latch design_1_i/myip_0/inst/myip_v1_0_S00_AXI_inst/UUT/answer[4][-1111111105] cannot be properly analyzed as its control pin design_1_i/myip_0/inst/myip_v1_0_S00_AXI_inst/UUT/answer[4][-1111111105]/G is not reached by a timing clock
Related violations: <none>

TIMING-20#158 Warning
Non-clocked latch  
The latch design_1_i/myip_0/inst/myip_v1_0_S00_AXI_inst/UUT/answer[4][-1111111106] cannot be properly analyzed as its control pin design_1_i/myip_0/inst/myip_v1_0_S00_AXI_inst/UUT/answer[4][-1111111106]/G is not reached by a timing clock
Related violations: <none>

TIMING-20#159 Warning
Non-clocked latch  
The latch design_1_i/myip_0/inst/myip_v1_0_S00_AXI_inst/UUT/answer[4][-1111111107] cannot be properly analyzed as its control pin design_1_i/myip_0/inst/myip_v1_0_S00_AXI_inst/UUT/answer[4][-1111111107]/G is not reached by a timing clock
Related violations: <none>

TIMING-20#160 Warning
Non-clocked latch  
The latch design_1_i/myip_0/inst/myip_v1_0_S00_AXI_inst/UUT/answer[4][-1111111108] cannot be properly analyzed as its control pin design_1_i/myip_0/inst/myip_v1_0_S00_AXI_inst/UUT/answer[4][-1111111108]/G is not reached by a timing clock
Related violations: <none>

TIMING-20#161 Warning
Non-clocked latch  
The latch design_1_i/myip_0/inst/myip_v1_0_S00_AXI_inst/UUT/answer[4][-1111111109] cannot be properly analyzed as its control pin design_1_i/myip_0/inst/myip_v1_0_S00_AXI_inst/UUT/answer[4][-1111111109]/G is not reached by a timing clock
Related violations: <none>

TIMING-20#162 Warning
Non-clocked latch  
The latch design_1_i/myip_0/inst/myip_v1_0_S00_AXI_inst/UUT/answer[4][-1111111110] cannot be properly analyzed as its control pin design_1_i/myip_0/inst/myip_v1_0_S00_AXI_inst/UUT/answer[4][-1111111110]/G is not reached by a timing clock
Related violations: <none>

TIMING-20#163 Warning
Non-clocked latch  
The latch design_1_i/myip_0/inst/myip_v1_0_S00_AXI_inst/UUT/answer[4][-1111111111] cannot be properly analyzed as its control pin design_1_i/myip_0/inst/myip_v1_0_S00_AXI_inst/UUT/answer[4][-1111111111]/G is not reached by a timing clock
Related violations: <none>

TIMING-20#164 Warning
Non-clocked latch  
The latch design_1_i/myip_0/inst/myip_v1_0_S00_AXI_inst/UUT/answer[5][-1111111080] cannot be properly analyzed as its control pin design_1_i/myip_0/inst/myip_v1_0_S00_AXI_inst/UUT/answer[5][-1111111080]/G is not reached by a timing clock
Related violations: <none>

TIMING-20#165 Warning
Non-clocked latch  
The latch design_1_i/myip_0/inst/myip_v1_0_S00_AXI_inst/UUT/answer[5][-1111111081] cannot be properly analyzed as its control pin design_1_i/myip_0/inst/myip_v1_0_S00_AXI_inst/UUT/answer[5][-1111111081]/G is not reached by a timing clock
Related violations: <none>

TIMING-20#166 Warning
Non-clocked latch  
The latch design_1_i/myip_0/inst/myip_v1_0_S00_AXI_inst/UUT/answer[5][-1111111082] cannot be properly analyzed as its control pin design_1_i/myip_0/inst/myip_v1_0_S00_AXI_inst/UUT/answer[5][-1111111082]/G is not reached by a timing clock
Related violations: <none>

TIMING-20#167 Warning
Non-clocked latch  
The latch design_1_i/myip_0/inst/myip_v1_0_S00_AXI_inst/UUT/answer[5][-1111111083] cannot be properly analyzed as its control pin design_1_i/myip_0/inst/myip_v1_0_S00_AXI_inst/UUT/answer[5][-1111111083]/G is not reached by a timing clock
Related violations: <none>

TIMING-20#168 Warning
Non-clocked latch  
The latch design_1_i/myip_0/inst/myip_v1_0_S00_AXI_inst/UUT/answer[5][-1111111084] cannot be properly analyzed as its control pin design_1_i/myip_0/inst/myip_v1_0_S00_AXI_inst/UUT/answer[5][-1111111084]/G is not reached by a timing clock
Related violations: <none>

TIMING-20#169 Warning
Non-clocked latch  
The latch design_1_i/myip_0/inst/myip_v1_0_S00_AXI_inst/UUT/answer[5][-1111111085] cannot be properly analyzed as its control pin design_1_i/myip_0/inst/myip_v1_0_S00_AXI_inst/UUT/answer[5][-1111111085]/G is not reached by a timing clock
Related violations: <none>

TIMING-20#170 Warning
Non-clocked latch  
The latch design_1_i/myip_0/inst/myip_v1_0_S00_AXI_inst/UUT/answer[5][-1111111086] cannot be properly analyzed as its control pin design_1_i/myip_0/inst/myip_v1_0_S00_AXI_inst/UUT/answer[5][-1111111086]/G is not reached by a timing clock
Related violations: <none>

TIMING-20#171 Warning
Non-clocked latch  
The latch design_1_i/myip_0/inst/myip_v1_0_S00_AXI_inst/UUT/answer[5][-1111111087] cannot be properly analyzed as its control pin design_1_i/myip_0/inst/myip_v1_0_S00_AXI_inst/UUT/answer[5][-1111111087]/G is not reached by a timing clock
Related violations: <none>

TIMING-20#172 Warning
Non-clocked latch  
The latch design_1_i/myip_0/inst/myip_v1_0_S00_AXI_inst/UUT/answer[5][-1111111088] cannot be properly analyzed as its control pin design_1_i/myip_0/inst/myip_v1_0_S00_AXI_inst/UUT/answer[5][-1111111088]/G is not reached by a timing clock
Related violations: <none>

TIMING-20#173 Warning
Non-clocked latch  
The latch design_1_i/myip_0/inst/myip_v1_0_S00_AXI_inst/UUT/answer[5][-1111111089] cannot be properly analyzed as its control pin design_1_i/myip_0/inst/myip_v1_0_S00_AXI_inst/UUT/answer[5][-1111111089]/G is not reached by a timing clock
Related violations: <none>

TIMING-20#174 Warning
Non-clocked latch  
The latch design_1_i/myip_0/inst/myip_v1_0_S00_AXI_inst/UUT/answer[5][-1111111090] cannot be properly analyzed as its control pin design_1_i/myip_0/inst/myip_v1_0_S00_AXI_inst/UUT/answer[5][-1111111090]/G is not reached by a timing clock
Related violations: <none>

TIMING-20#175 Warning
Non-clocked latch  
The latch design_1_i/myip_0/inst/myip_v1_0_S00_AXI_inst/UUT/answer[5][-1111111091] cannot be properly analyzed as its control pin design_1_i/myip_0/inst/myip_v1_0_S00_AXI_inst/UUT/answer[5][-1111111091]/G is not reached by a timing clock
Related violations: <none>

TIMING-20#176 Warning
Non-clocked latch  
The latch design_1_i/myip_0/inst/myip_v1_0_S00_AXI_inst/UUT/answer[5][-1111111092] cannot be properly analyzed as its control pin design_1_i/myip_0/inst/myip_v1_0_S00_AXI_inst/UUT/answer[5][-1111111092]/G is not reached by a timing clock
Related violations: <none>

TIMING-20#177 Warning
Non-clocked latch  
The latch design_1_i/myip_0/inst/myip_v1_0_S00_AXI_inst/UUT/answer[5][-1111111093] cannot be properly analyzed as its control pin design_1_i/myip_0/inst/myip_v1_0_S00_AXI_inst/UUT/answer[5][-1111111093]/G is not reached by a timing clock
Related violations: <none>

TIMING-20#178 Warning
Non-clocked latch  
The latch design_1_i/myip_0/inst/myip_v1_0_S00_AXI_inst/UUT/answer[5][-1111111094] cannot be properly analyzed as its control pin design_1_i/myip_0/inst/myip_v1_0_S00_AXI_inst/UUT/answer[5][-1111111094]/G is not reached by a timing clock
Related violations: <none>

TIMING-20#179 Warning
Non-clocked latch  
The latch design_1_i/myip_0/inst/myip_v1_0_S00_AXI_inst/UUT/answer[5][-1111111095] cannot be properly analyzed as its control pin design_1_i/myip_0/inst/myip_v1_0_S00_AXI_inst/UUT/answer[5][-1111111095]/G is not reached by a timing clock
Related violations: <none>

TIMING-20#180 Warning
Non-clocked latch  
The latch design_1_i/myip_0/inst/myip_v1_0_S00_AXI_inst/UUT/answer[5][-1111111096] cannot be properly analyzed as its control pin design_1_i/myip_0/inst/myip_v1_0_S00_AXI_inst/UUT/answer[5][-1111111096]/G is not reached by a timing clock
Related violations: <none>

TIMING-20#181 Warning
Non-clocked latch  
The latch design_1_i/myip_0/inst/myip_v1_0_S00_AXI_inst/UUT/answer[5][-1111111097] cannot be properly analyzed as its control pin design_1_i/myip_0/inst/myip_v1_0_S00_AXI_inst/UUT/answer[5][-1111111097]/G is not reached by a timing clock
Related violations: <none>

TIMING-20#182 Warning
Non-clocked latch  
The latch design_1_i/myip_0/inst/myip_v1_0_S00_AXI_inst/UUT/answer[5][-1111111098] cannot be properly analyzed as its control pin design_1_i/myip_0/inst/myip_v1_0_S00_AXI_inst/UUT/answer[5][-1111111098]/G is not reached by a timing clock
Related violations: <none>

TIMING-20#183 Warning
Non-clocked latch  
The latch design_1_i/myip_0/inst/myip_v1_0_S00_AXI_inst/UUT/answer[5][-1111111099] cannot be properly analyzed as its control pin design_1_i/myip_0/inst/myip_v1_0_S00_AXI_inst/UUT/answer[5][-1111111099]/G is not reached by a timing clock
Related violations: <none>

TIMING-20#184 Warning
Non-clocked latch  
The latch design_1_i/myip_0/inst/myip_v1_0_S00_AXI_inst/UUT/answer[5][-1111111100] cannot be properly analyzed as its control pin design_1_i/myip_0/inst/myip_v1_0_S00_AXI_inst/UUT/answer[5][-1111111100]/G is not reached by a timing clock
Related violations: <none>

TIMING-20#185 Warning
Non-clocked latch  
The latch design_1_i/myip_0/inst/myip_v1_0_S00_AXI_inst/UUT/answer[5][-1111111101] cannot be properly analyzed as its control pin design_1_i/myip_0/inst/myip_v1_0_S00_AXI_inst/UUT/answer[5][-1111111101]/G is not reached by a timing clock
Related violations: <none>

TIMING-20#186 Warning
Non-clocked latch  
The latch design_1_i/myip_0/inst/myip_v1_0_S00_AXI_inst/UUT/answer[5][-1111111102] cannot be properly analyzed as its control pin design_1_i/myip_0/inst/myip_v1_0_S00_AXI_inst/UUT/answer[5][-1111111102]/G is not reached by a timing clock
Related violations: <none>

TIMING-20#187 Warning
Non-clocked latch  
The latch design_1_i/myip_0/inst/myip_v1_0_S00_AXI_inst/UUT/answer[5][-1111111103] cannot be properly analyzed as its control pin design_1_i/myip_0/inst/myip_v1_0_S00_AXI_inst/UUT/answer[5][-1111111103]/G is not reached by a timing clock
Related violations: <none>

TIMING-20#188 Warning
Non-clocked latch  
The latch design_1_i/myip_0/inst/myip_v1_0_S00_AXI_inst/UUT/answer[5][-1111111104] cannot be properly analyzed as its control pin design_1_i/myip_0/inst/myip_v1_0_S00_AXI_inst/UUT/answer[5][-1111111104]/G is not reached by a timing clock
Related violations: <none>

TIMING-20#189 Warning
Non-clocked latch  
The latch design_1_i/myip_0/inst/myip_v1_0_S00_AXI_inst/UUT/answer[5][-1111111105] cannot be properly analyzed as its control pin design_1_i/myip_0/inst/myip_v1_0_S00_AXI_inst/UUT/answer[5][-1111111105]/G is not reached by a timing clock
Related violations: <none>

TIMING-20#190 Warning
Non-clocked latch  
The latch design_1_i/myip_0/inst/myip_v1_0_S00_AXI_inst/UUT/answer[5][-1111111106] cannot be properly analyzed as its control pin design_1_i/myip_0/inst/myip_v1_0_S00_AXI_inst/UUT/answer[5][-1111111106]/G is not reached by a timing clock
Related violations: <none>

TIMING-20#191 Warning
Non-clocked latch  
The latch design_1_i/myip_0/inst/myip_v1_0_S00_AXI_inst/UUT/answer[5][-1111111107] cannot be properly analyzed as its control pin design_1_i/myip_0/inst/myip_v1_0_S00_AXI_inst/UUT/answer[5][-1111111107]/G is not reached by a timing clock
Related violations: <none>

TIMING-20#192 Warning
Non-clocked latch  
The latch design_1_i/myip_0/inst/myip_v1_0_S00_AXI_inst/UUT/answer[5][-1111111108] cannot be properly analyzed as its control pin design_1_i/myip_0/inst/myip_v1_0_S00_AXI_inst/UUT/answer[5][-1111111108]/G is not reached by a timing clock
Related violations: <none>

TIMING-20#193 Warning
Non-clocked latch  
The latch design_1_i/myip_0/inst/myip_v1_0_S00_AXI_inst/UUT/answer[5][-1111111109] cannot be properly analyzed as its control pin design_1_i/myip_0/inst/myip_v1_0_S00_AXI_inst/UUT/answer[5][-1111111109]/G is not reached by a timing clock
Related violations: <none>

TIMING-20#194 Warning
Non-clocked latch  
The latch design_1_i/myip_0/inst/myip_v1_0_S00_AXI_inst/UUT/answer[5][-1111111110] cannot be properly analyzed as its control pin design_1_i/myip_0/inst/myip_v1_0_S00_AXI_inst/UUT/answer[5][-1111111110]/G is not reached by a timing clock
Related violations: <none>

TIMING-20#195 Warning
Non-clocked latch  
The latch design_1_i/myip_0/inst/myip_v1_0_S00_AXI_inst/UUT/answer[5][-1111111111] cannot be properly analyzed as its control pin design_1_i/myip_0/inst/myip_v1_0_S00_AXI_inst/UUT/answer[5][-1111111111]/G is not reached by a timing clock
Related violations: <none>

TIMING-20#196 Warning
Non-clocked latch  
The latch design_1_i/myip_0/inst/myip_v1_0_S00_AXI_inst/UUT/answer[6][-1111111080] cannot be properly analyzed as its control pin design_1_i/myip_0/inst/myip_v1_0_S00_AXI_inst/UUT/answer[6][-1111111080]/G is not reached by a timing clock
Related violations: <none>

TIMING-20#197 Warning
Non-clocked latch  
The latch design_1_i/myip_0/inst/myip_v1_0_S00_AXI_inst/UUT/answer[6][-1111111081] cannot be properly analyzed as its control pin design_1_i/myip_0/inst/myip_v1_0_S00_AXI_inst/UUT/answer[6][-1111111081]/G is not reached by a timing clock
Related violations: <none>

TIMING-20#198 Warning
Non-clocked latch  
The latch design_1_i/myip_0/inst/myip_v1_0_S00_AXI_inst/UUT/answer[6][-1111111082] cannot be properly analyzed as its control pin design_1_i/myip_0/inst/myip_v1_0_S00_AXI_inst/UUT/answer[6][-1111111082]/G is not reached by a timing clock
Related violations: <none>

TIMING-20#199 Warning
Non-clocked latch  
The latch design_1_i/myip_0/inst/myip_v1_0_S00_AXI_inst/UUT/answer[6][-1111111083] cannot be properly analyzed as its control pin design_1_i/myip_0/inst/myip_v1_0_S00_AXI_inst/UUT/answer[6][-1111111083]/G is not reached by a timing clock
Related violations: <none>

TIMING-20#200 Warning
Non-clocked latch  
The latch design_1_i/myip_0/inst/myip_v1_0_S00_AXI_inst/UUT/answer[6][-1111111084] cannot be properly analyzed as its control pin design_1_i/myip_0/inst/myip_v1_0_S00_AXI_inst/UUT/answer[6][-1111111084]/G is not reached by a timing clock
Related violations: <none>

TIMING-20#201 Warning
Non-clocked latch  
The latch design_1_i/myip_0/inst/myip_v1_0_S00_AXI_inst/UUT/answer[6][-1111111085] cannot be properly analyzed as its control pin design_1_i/myip_0/inst/myip_v1_0_S00_AXI_inst/UUT/answer[6][-1111111085]/G is not reached by a timing clock
Related violations: <none>

TIMING-20#202 Warning
Non-clocked latch  
The latch design_1_i/myip_0/inst/myip_v1_0_S00_AXI_inst/UUT/answer[6][-1111111086] cannot be properly analyzed as its control pin design_1_i/myip_0/inst/myip_v1_0_S00_AXI_inst/UUT/answer[6][-1111111086]/G is not reached by a timing clock
Related violations: <none>

TIMING-20#203 Warning
Non-clocked latch  
The latch design_1_i/myip_0/inst/myip_v1_0_S00_AXI_inst/UUT/answer[6][-1111111087] cannot be properly analyzed as its control pin design_1_i/myip_0/inst/myip_v1_0_S00_AXI_inst/UUT/answer[6][-1111111087]/G is not reached by a timing clock
Related violations: <none>

TIMING-20#204 Warning
Non-clocked latch  
The latch design_1_i/myip_0/inst/myip_v1_0_S00_AXI_inst/UUT/answer[6][-1111111088] cannot be properly analyzed as its control pin design_1_i/myip_0/inst/myip_v1_0_S00_AXI_inst/UUT/answer[6][-1111111088]/G is not reached by a timing clock
Related violations: <none>

TIMING-20#205 Warning
Non-clocked latch  
The latch design_1_i/myip_0/inst/myip_v1_0_S00_AXI_inst/UUT/answer[6][-1111111089] cannot be properly analyzed as its control pin design_1_i/myip_0/inst/myip_v1_0_S00_AXI_inst/UUT/answer[6][-1111111089]/G is not reached by a timing clock
Related violations: <none>

TIMING-20#206 Warning
Non-clocked latch  
The latch design_1_i/myip_0/inst/myip_v1_0_S00_AXI_inst/UUT/answer[6][-1111111090] cannot be properly analyzed as its control pin design_1_i/myip_0/inst/myip_v1_0_S00_AXI_inst/UUT/answer[6][-1111111090]/G is not reached by a timing clock
Related violations: <none>

TIMING-20#207 Warning
Non-clocked latch  
The latch design_1_i/myip_0/inst/myip_v1_0_S00_AXI_inst/UUT/answer[6][-1111111091] cannot be properly analyzed as its control pin design_1_i/myip_0/inst/myip_v1_0_S00_AXI_inst/UUT/answer[6][-1111111091]/G is not reached by a timing clock
Related violations: <none>

TIMING-20#208 Warning
Non-clocked latch  
The latch design_1_i/myip_0/inst/myip_v1_0_S00_AXI_inst/UUT/answer[6][-1111111092] cannot be properly analyzed as its control pin design_1_i/myip_0/inst/myip_v1_0_S00_AXI_inst/UUT/answer[6][-1111111092]/G is not reached by a timing clock
Related violations: <none>

TIMING-20#209 Warning
Non-clocked latch  
The latch design_1_i/myip_0/inst/myip_v1_0_S00_AXI_inst/UUT/answer[6][-1111111093] cannot be properly analyzed as its control pin design_1_i/myip_0/inst/myip_v1_0_S00_AXI_inst/UUT/answer[6][-1111111093]/G is not reached by a timing clock
Related violations: <none>

TIMING-20#210 Warning
Non-clocked latch  
The latch design_1_i/myip_0/inst/myip_v1_0_S00_AXI_inst/UUT/answer[6][-1111111094] cannot be properly analyzed as its control pin design_1_i/myip_0/inst/myip_v1_0_S00_AXI_inst/UUT/answer[6][-1111111094]/G is not reached by a timing clock
Related violations: <none>

TIMING-20#211 Warning
Non-clocked latch  
The latch design_1_i/myip_0/inst/myip_v1_0_S00_AXI_inst/UUT/answer[6][-1111111095] cannot be properly analyzed as its control pin design_1_i/myip_0/inst/myip_v1_0_S00_AXI_inst/UUT/answer[6][-1111111095]/G is not reached by a timing clock
Related violations: <none>

TIMING-20#212 Warning
Non-clocked latch  
The latch design_1_i/myip_0/inst/myip_v1_0_S00_AXI_inst/UUT/answer[6][-1111111096] cannot be properly analyzed as its control pin design_1_i/myip_0/inst/myip_v1_0_S00_AXI_inst/UUT/answer[6][-1111111096]/G is not reached by a timing clock
Related violations: <none>

TIMING-20#213 Warning
Non-clocked latch  
The latch design_1_i/myip_0/inst/myip_v1_0_S00_AXI_inst/UUT/answer[6][-1111111097] cannot be properly analyzed as its control pin design_1_i/myip_0/inst/myip_v1_0_S00_AXI_inst/UUT/answer[6][-1111111097]/G is not reached by a timing clock
Related violations: <none>

TIMING-20#214 Warning
Non-clocked latch  
The latch design_1_i/myip_0/inst/myip_v1_0_S00_AXI_inst/UUT/answer[6][-1111111098] cannot be properly analyzed as its control pin design_1_i/myip_0/inst/myip_v1_0_S00_AXI_inst/UUT/answer[6][-1111111098]/G is not reached by a timing clock
Related violations: <none>

TIMING-20#215 Warning
Non-clocked latch  
The latch design_1_i/myip_0/inst/myip_v1_0_S00_AXI_inst/UUT/answer[6][-1111111099] cannot be properly analyzed as its control pin design_1_i/myip_0/inst/myip_v1_0_S00_AXI_inst/UUT/answer[6][-1111111099]/G is not reached by a timing clock
Related violations: <none>

TIMING-20#216 Warning
Non-clocked latch  
The latch design_1_i/myip_0/inst/myip_v1_0_S00_AXI_inst/UUT/answer[6][-1111111100] cannot be properly analyzed as its control pin design_1_i/myip_0/inst/myip_v1_0_S00_AXI_inst/UUT/answer[6][-1111111100]/G is not reached by a timing clock
Related violations: <none>

TIMING-20#217 Warning
Non-clocked latch  
The latch design_1_i/myip_0/inst/myip_v1_0_S00_AXI_inst/UUT/answer[6][-1111111101] cannot be properly analyzed as its control pin design_1_i/myip_0/inst/myip_v1_0_S00_AXI_inst/UUT/answer[6][-1111111101]/G is not reached by a timing clock
Related violations: <none>

TIMING-20#218 Warning
Non-clocked latch  
The latch design_1_i/myip_0/inst/myip_v1_0_S00_AXI_inst/UUT/answer[6][-1111111102] cannot be properly analyzed as its control pin design_1_i/myip_0/inst/myip_v1_0_S00_AXI_inst/UUT/answer[6][-1111111102]/G is not reached by a timing clock
Related violations: <none>

TIMING-20#219 Warning
Non-clocked latch  
The latch design_1_i/myip_0/inst/myip_v1_0_S00_AXI_inst/UUT/answer[6][-1111111103] cannot be properly analyzed as its control pin design_1_i/myip_0/inst/myip_v1_0_S00_AXI_inst/UUT/answer[6][-1111111103]/G is not reached by a timing clock
Related violations: <none>

TIMING-20#220 Warning
Non-clocked latch  
The latch design_1_i/myip_0/inst/myip_v1_0_S00_AXI_inst/UUT/answer[6][-1111111104] cannot be properly analyzed as its control pin design_1_i/myip_0/inst/myip_v1_0_S00_AXI_inst/UUT/answer[6][-1111111104]/G is not reached by a timing clock
Related violations: <none>

TIMING-20#221 Warning
Non-clocked latch  
The latch design_1_i/myip_0/inst/myip_v1_0_S00_AXI_inst/UUT/answer[6][-1111111105] cannot be properly analyzed as its control pin design_1_i/myip_0/inst/myip_v1_0_S00_AXI_inst/UUT/answer[6][-1111111105]/G is not reached by a timing clock
Related violations: <none>

TIMING-20#222 Warning
Non-clocked latch  
The latch design_1_i/myip_0/inst/myip_v1_0_S00_AXI_inst/UUT/answer[6][-1111111106] cannot be properly analyzed as its control pin design_1_i/myip_0/inst/myip_v1_0_S00_AXI_inst/UUT/answer[6][-1111111106]/G is not reached by a timing clock
Related violations: <none>

TIMING-20#223 Warning
Non-clocked latch  
The latch design_1_i/myip_0/inst/myip_v1_0_S00_AXI_inst/UUT/answer[6][-1111111107] cannot be properly analyzed as its control pin design_1_i/myip_0/inst/myip_v1_0_S00_AXI_inst/UUT/answer[6][-1111111107]/G is not reached by a timing clock
Related violations: <none>

TIMING-20#224 Warning
Non-clocked latch  
The latch design_1_i/myip_0/inst/myip_v1_0_S00_AXI_inst/UUT/answer[6][-1111111108] cannot be properly analyzed as its control pin design_1_i/myip_0/inst/myip_v1_0_S00_AXI_inst/UUT/answer[6][-1111111108]/G is not reached by a timing clock
Related violations: <none>

TIMING-20#225 Warning
Non-clocked latch  
The latch design_1_i/myip_0/inst/myip_v1_0_S00_AXI_inst/UUT/answer[6][-1111111109] cannot be properly analyzed as its control pin design_1_i/myip_0/inst/myip_v1_0_S00_AXI_inst/UUT/answer[6][-1111111109]/G is not reached by a timing clock
Related violations: <none>

TIMING-20#226 Warning
Non-clocked latch  
The latch design_1_i/myip_0/inst/myip_v1_0_S00_AXI_inst/UUT/answer[6][-1111111110] cannot be properly analyzed as its control pin design_1_i/myip_0/inst/myip_v1_0_S00_AXI_inst/UUT/answer[6][-1111111110]/G is not reached by a timing clock
Related violations: <none>

TIMING-20#227 Warning
Non-clocked latch  
The latch design_1_i/myip_0/inst/myip_v1_0_S00_AXI_inst/UUT/answer[6][-1111111111] cannot be properly analyzed as its control pin design_1_i/myip_0/inst/myip_v1_0_S00_AXI_inst/UUT/answer[6][-1111111111]/G is not reached by a timing clock
Related violations: <none>

TIMING-20#228 Warning
Non-clocked latch  
The latch design_1_i/myip_0/inst/myip_v1_0_S00_AXI_inst/UUT/answer[7][-1111111080] cannot be properly analyzed as its control pin design_1_i/myip_0/inst/myip_v1_0_S00_AXI_inst/UUT/answer[7][-1111111080]/G is not reached by a timing clock
Related violations: <none>

TIMING-20#229 Warning
Non-clocked latch  
The latch design_1_i/myip_0/inst/myip_v1_0_S00_AXI_inst/UUT/answer[7][-1111111081] cannot be properly analyzed as its control pin design_1_i/myip_0/inst/myip_v1_0_S00_AXI_inst/UUT/answer[7][-1111111081]/G is not reached by a timing clock
Related violations: <none>

TIMING-20#230 Warning
Non-clocked latch  
The latch design_1_i/myip_0/inst/myip_v1_0_S00_AXI_inst/UUT/answer[7][-1111111082] cannot be properly analyzed as its control pin design_1_i/myip_0/inst/myip_v1_0_S00_AXI_inst/UUT/answer[7][-1111111082]/G is not reached by a timing clock
Related violations: <none>

TIMING-20#231 Warning
Non-clocked latch  
The latch design_1_i/myip_0/inst/myip_v1_0_S00_AXI_inst/UUT/answer[7][-1111111083] cannot be properly analyzed as its control pin design_1_i/myip_0/inst/myip_v1_0_S00_AXI_inst/UUT/answer[7][-1111111083]/G is not reached by a timing clock
Related violations: <none>

TIMING-20#232 Warning
Non-clocked latch  
The latch design_1_i/myip_0/inst/myip_v1_0_S00_AXI_inst/UUT/answer[7][-1111111084] cannot be properly analyzed as its control pin design_1_i/myip_0/inst/myip_v1_0_S00_AXI_inst/UUT/answer[7][-1111111084]/G is not reached by a timing clock
Related violations: <none>

TIMING-20#233 Warning
Non-clocked latch  
The latch design_1_i/myip_0/inst/myip_v1_0_S00_AXI_inst/UUT/answer[7][-1111111085] cannot be properly analyzed as its control pin design_1_i/myip_0/inst/myip_v1_0_S00_AXI_inst/UUT/answer[7][-1111111085]/G is not reached by a timing clock
Related violations: <none>

TIMING-20#234 Warning
Non-clocked latch  
The latch design_1_i/myip_0/inst/myip_v1_0_S00_AXI_inst/UUT/answer[7][-1111111086] cannot be properly analyzed as its control pin design_1_i/myip_0/inst/myip_v1_0_S00_AXI_inst/UUT/answer[7][-1111111086]/G is not reached by a timing clock
Related violations: <none>

TIMING-20#235 Warning
Non-clocked latch  
The latch design_1_i/myip_0/inst/myip_v1_0_S00_AXI_inst/UUT/answer[7][-1111111087] cannot be properly analyzed as its control pin design_1_i/myip_0/inst/myip_v1_0_S00_AXI_inst/UUT/answer[7][-1111111087]/G is not reached by a timing clock
Related violations: <none>

TIMING-20#236 Warning
Non-clocked latch  
The latch design_1_i/myip_0/inst/myip_v1_0_S00_AXI_inst/UUT/answer[7][-1111111088] cannot be properly analyzed as its control pin design_1_i/myip_0/inst/myip_v1_0_S00_AXI_inst/UUT/answer[7][-1111111088]/G is not reached by a timing clock
Related violations: <none>

TIMING-20#237 Warning
Non-clocked latch  
The latch design_1_i/myip_0/inst/myip_v1_0_S00_AXI_inst/UUT/answer[7][-1111111089] cannot be properly analyzed as its control pin design_1_i/myip_0/inst/myip_v1_0_S00_AXI_inst/UUT/answer[7][-1111111089]/G is not reached by a timing clock
Related violations: <none>

TIMING-20#238 Warning
Non-clocked latch  
The latch design_1_i/myip_0/inst/myip_v1_0_S00_AXI_inst/UUT/answer[7][-1111111090] cannot be properly analyzed as its control pin design_1_i/myip_0/inst/myip_v1_0_S00_AXI_inst/UUT/answer[7][-1111111090]/G is not reached by a timing clock
Related violations: <none>

TIMING-20#239 Warning
Non-clocked latch  
The latch design_1_i/myip_0/inst/myip_v1_0_S00_AXI_inst/UUT/answer[7][-1111111091] cannot be properly analyzed as its control pin design_1_i/myip_0/inst/myip_v1_0_S00_AXI_inst/UUT/answer[7][-1111111091]/G is not reached by a timing clock
Related violations: <none>

TIMING-20#240 Warning
Non-clocked latch  
The latch design_1_i/myip_0/inst/myip_v1_0_S00_AXI_inst/UUT/answer[7][-1111111092] cannot be properly analyzed as its control pin design_1_i/myip_0/inst/myip_v1_0_S00_AXI_inst/UUT/answer[7][-1111111092]/G is not reached by a timing clock
Related violations: <none>

TIMING-20#241 Warning
Non-clocked latch  
The latch design_1_i/myip_0/inst/myip_v1_0_S00_AXI_inst/UUT/answer[7][-1111111093] cannot be properly analyzed as its control pin design_1_i/myip_0/inst/myip_v1_0_S00_AXI_inst/UUT/answer[7][-1111111093]/G is not reached by a timing clock
Related violations: <none>

TIMING-20#242 Warning
Non-clocked latch  
The latch design_1_i/myip_0/inst/myip_v1_0_S00_AXI_inst/UUT/answer[7][-1111111094] cannot be properly analyzed as its control pin design_1_i/myip_0/inst/myip_v1_0_S00_AXI_inst/UUT/answer[7][-1111111094]/G is not reached by a timing clock
Related violations: <none>

TIMING-20#243 Warning
Non-clocked latch  
The latch design_1_i/myip_0/inst/myip_v1_0_S00_AXI_inst/UUT/answer[7][-1111111095] cannot be properly analyzed as its control pin design_1_i/myip_0/inst/myip_v1_0_S00_AXI_inst/UUT/answer[7][-1111111095]/G is not reached by a timing clock
Related violations: <none>

TIMING-20#244 Warning
Non-clocked latch  
The latch design_1_i/myip_0/inst/myip_v1_0_S00_AXI_inst/UUT/answer[7][-1111111096] cannot be properly analyzed as its control pin design_1_i/myip_0/inst/myip_v1_0_S00_AXI_inst/UUT/answer[7][-1111111096]/G is not reached by a timing clock
Related violations: <none>

TIMING-20#245 Warning
Non-clocked latch  
The latch design_1_i/myip_0/inst/myip_v1_0_S00_AXI_inst/UUT/answer[7][-1111111097] cannot be properly analyzed as its control pin design_1_i/myip_0/inst/myip_v1_0_S00_AXI_inst/UUT/answer[7][-1111111097]/G is not reached by a timing clock
Related violations: <none>

TIMING-20#246 Warning
Non-clocked latch  
The latch design_1_i/myip_0/inst/myip_v1_0_S00_AXI_inst/UUT/answer[7][-1111111098] cannot be properly analyzed as its control pin design_1_i/myip_0/inst/myip_v1_0_S00_AXI_inst/UUT/answer[7][-1111111098]/G is not reached by a timing clock
Related violations: <none>

TIMING-20#247 Warning
Non-clocked latch  
The latch design_1_i/myip_0/inst/myip_v1_0_S00_AXI_inst/UUT/answer[7][-1111111099] cannot be properly analyzed as its control pin design_1_i/myip_0/inst/myip_v1_0_S00_AXI_inst/UUT/answer[7][-1111111099]/G is not reached by a timing clock
Related violations: <none>

TIMING-20#248 Warning
Non-clocked latch  
The latch design_1_i/myip_0/inst/myip_v1_0_S00_AXI_inst/UUT/answer[7][-1111111100] cannot be properly analyzed as its control pin design_1_i/myip_0/inst/myip_v1_0_S00_AXI_inst/UUT/answer[7][-1111111100]/G is not reached by a timing clock
Related violations: <none>

TIMING-20#249 Warning
Non-clocked latch  
The latch design_1_i/myip_0/inst/myip_v1_0_S00_AXI_inst/UUT/answer[7][-1111111101] cannot be properly analyzed as its control pin design_1_i/myip_0/inst/myip_v1_0_S00_AXI_inst/UUT/answer[7][-1111111101]/G is not reached by a timing clock
Related violations: <none>

TIMING-20#250 Warning
Non-clocked latch  
The latch design_1_i/myip_0/inst/myip_v1_0_S00_AXI_inst/UUT/answer[7][-1111111102] cannot be properly analyzed as its control pin design_1_i/myip_0/inst/myip_v1_0_S00_AXI_inst/UUT/answer[7][-1111111102]/G is not reached by a timing clock
Related violations: <none>

TIMING-20#251 Warning
Non-clocked latch  
The latch design_1_i/myip_0/inst/myip_v1_0_S00_AXI_inst/UUT/answer[7][-1111111103] cannot be properly analyzed as its control pin design_1_i/myip_0/inst/myip_v1_0_S00_AXI_inst/UUT/answer[7][-1111111103]/G is not reached by a timing clock
Related violations: <none>

TIMING-20#252 Warning
Non-clocked latch  
The latch design_1_i/myip_0/inst/myip_v1_0_S00_AXI_inst/UUT/answer[7][-1111111104] cannot be properly analyzed as its control pin design_1_i/myip_0/inst/myip_v1_0_S00_AXI_inst/UUT/answer[7][-1111111104]/G is not reached by a timing clock
Related violations: <none>

TIMING-20#253 Warning
Non-clocked latch  
The latch design_1_i/myip_0/inst/myip_v1_0_S00_AXI_inst/UUT/answer[7][-1111111105] cannot be properly analyzed as its control pin design_1_i/myip_0/inst/myip_v1_0_S00_AXI_inst/UUT/answer[7][-1111111105]/G is not reached by a timing clock
Related violations: <none>

TIMING-20#254 Warning
Non-clocked latch  
The latch design_1_i/myip_0/inst/myip_v1_0_S00_AXI_inst/UUT/answer[7][-1111111106] cannot be properly analyzed as its control pin design_1_i/myip_0/inst/myip_v1_0_S00_AXI_inst/UUT/answer[7][-1111111106]/G is not reached by a timing clock
Related violations: <none>

TIMING-20#255 Warning
Non-clocked latch  
The latch design_1_i/myip_0/inst/myip_v1_0_S00_AXI_inst/UUT/answer[7][-1111111107] cannot be properly analyzed as its control pin design_1_i/myip_0/inst/myip_v1_0_S00_AXI_inst/UUT/answer[7][-1111111107]/G is not reached by a timing clock
Related violations: <none>

TIMING-20#256 Warning
Non-clocked latch  
The latch design_1_i/myip_0/inst/myip_v1_0_S00_AXI_inst/UUT/answer[7][-1111111108] cannot be properly analyzed as its control pin design_1_i/myip_0/inst/myip_v1_0_S00_AXI_inst/UUT/answer[7][-1111111108]/G is not reached by a timing clock
Related violations: <none>

TIMING-20#257 Warning
Non-clocked latch  
The latch design_1_i/myip_0/inst/myip_v1_0_S00_AXI_inst/UUT/answer[7][-1111111109] cannot be properly analyzed as its control pin design_1_i/myip_0/inst/myip_v1_0_S00_AXI_inst/UUT/answer[7][-1111111109]/G is not reached by a timing clock
Related violations: <none>

TIMING-20#258 Warning
Non-clocked latch  
The latch design_1_i/myip_0/inst/myip_v1_0_S00_AXI_inst/UUT/answer[7][-1111111110] cannot be properly analyzed as its control pin design_1_i/myip_0/inst/myip_v1_0_S00_AXI_inst/UUT/answer[7][-1111111110]/G is not reached by a timing clock
Related violations: <none>

TIMING-20#259 Warning
Non-clocked latch  
The latch design_1_i/myip_0/inst/myip_v1_0_S00_AXI_inst/UUT/answer[7][-1111111111] cannot be properly analyzed as its control pin design_1_i/myip_0/inst/myip_v1_0_S00_AXI_inst/UUT/answer[7][-1111111111]/G is not reached by a timing clock
Related violations: <none>

TIMING-27#1 Warning
Invalid primary clock on hierarchical pin  
A primary clock design_1_i/myip_0/inst/myip_v1_0_S00_AXI_inst/u_clk_180/inst/clk_in1 is created on an inappropriate internal pin design_1_i/myip_0/inst/myip_v1_0_S00_AXI_inst/u_clk_180/inst/clk_in1. It is not recommended to create a primary clock on a hierarchical pin when its driver pin has a fanout connected to multiple clock pins
Related violations: <none>


